{"meta": {"format": 3, "version": "7.11.0", "timestamp": "2025-12-20T04:27:14.175341", "branch_coverage": false, "show_contexts": false}, "files": {"app/__init__.py": {"executed_lines": [0], "summary": {"covered_lines": 0, "num_statements": 0, "percent_covered": 100.0, "percent_covered_display": "100", "missing_lines": 0, "excluded_lines": 0}, "missing_lines": [], "excluded_lines": [], "functions": {"": {"executed_lines": [], "summary": {"covered_lines": 0, "num_statements": 0, "percent_covered": 100.0, "percent_covered_display": "100", "missing_lines": 0, "excluded_lines": 0}, "missing_lines": [], "excluded_lines": []}}, "classes": {"": {"executed_lines": [], "summary": {"covered_lines": 0, "num_statements": 0, "percent_covered": 100.0, "percent_covered_display": "100", "missing_lines": 0, "excluded_lines": 0}, "missing_lines": [], "excluded_lines": []}}}, "app/api/__init__.py": {"executed_lines": [0], "summary": {"covered_lines": 0, "num_statements": 0, "percent_covered": 100.0, "percent_covered_display": "100", "missing_lines": 0, "excluded_lines": 0}, "missing_lines": [], "excluded_lines": [], "functions": {"": {"executed_lines": [], "summary": {"covered_lines": 0, "num_statements": 0, "percent_covered": 100.0, "percent_covered_display": "100", "missing_lines": 0, "excluded_lines": 0}, "missing_lines": [], "excluded_lines": []}}, "classes": {"": {"executed_lines": [], "summary": {"covered_lines": 0, "num_statements": 0, "percent_covered": 100.0, "percent_covered_display": "100", "missing_lines": 0, "excluded_lines": 0}, "missing_lines": [], "excluded_lines": []}}}, "app/api/api.py": {"executed_lines": [1, 2, 4, 5, 6, 7, 8, 9, 10, 11, 12, 13, 14], "summary": {"covered_lines": 13, "num_statements": 13, "percent_covered": 100.0, "percent_covered_display": "100", "missing_lines": 0, "excluded_lines": 0}, "missing_lines": [], "excluded_lines": [], "functions": {"": {"executed_lines": [1, 2, 4, 5, 6, 7, 8, 9, 10, 11, 12, 13, 14], "summary": {"covered_lines": 13, "num_statements": 13, "percent_covered": 100.0, "percent_covered_display": "100", "missing_lines": 0, "excluded_lines": 0}, "missing_lines": [], "excluded_lines": []}}, "classes": {"": {"executed_lines": [1, 2, 4, 5, 6, 7, 8, 9, 10, 11, 12, 13, 14], "summary": {"covered_lines": 13, "num_statements": 13, "percent_covered": 100.0, "percent_covered_display": "100", "missing_lines": 0, "excluded_lines": 0}, "missing_lines": [], "excluded_lines": []}}}, "app/api/endpoints/__init__.py": {"executed_lines": [0], "summary": {"covered_lines": 0, "num_statements": 0, "percent_covered": 100.0, "percent_covered_display": "100", "missing_lines": 0, "excluded_lines": 0}, "missing_lines": [], "excluded_lines": [], "functions": {"": {"executed_lines": [], "summary": {"covered_lines": 0, "num_statements": 0, "percent_covered": 100.0, "percent_covered_display": "100", "missing_lines": 0, "excluded_lines": 0}, "missing_lines": [], "excluded_lines": []}}, "classes": {"": {"executed_lines": [], "summary": {"covered_lines": 0, "num_statements": 0, "percent_covered": 100.0, "percent_covered_display": "100", "missing_lines": 0, "excluded_lines": 0}, "missing_lines": [], "excluded_lines": []}}}, "app/api/endpoints/auth.py": {"executed_lines": [2, 3, 4, 5, 6, 7, 14, 15, 16, 17, 18, 19, 21, 23, 24, 26, 27, 30, 31, 37, 38, 39, 46, 47, 49, 50, 52, 59, 60, 64, 65, 71, 73, 74, 96, 97, 101, 102, 104, 105, 106, 111, 118, 121, 123, 127, 129, 135, 136, 137, 138, 146, 147, 153, 154, 166, 168, 170, 172, 173, 174, 175, 177, 182, 187, 188, 195, 197, 198, 200, 203, 204, 211, 212, 217, 218], "summary": {"covered_lines": 76, "num_statements": 103, "percent_covered": 73.7864077669903, "percent_covered_display": "74", "missing_lines": 27, "excluded_lines": 0}, "missing_lines": [28, 40, 41, 53, 54, 55, 56, 57, 66, 80, 81, 82, 84, 85, 90, 91, 93, 112, 113, 119, 142, 148, 149, 150, 178, 180, 219], "excluded_lines": [], "functions": {"get_user_service": {"executed_lines": [24], "summary": {"covered_lines": 1, "num_statements": 1, "percent_covered": 100.0, "percent_covered_display": "100", "missing_lines": 0, "excluded_lines": 0}, "missing_lines": [], "excluded_lines": []}, "auth_root": {"executed_lines": [], "summary": {"covered_lines": 0, "num_statements": 1, "percent_covered": 0.0, "percent_covered_display": "0", "missing_lines": 1, "excluded_lines": 0}, "missing_lines": [28], "excluded_lines": []}, "register": {"executed_lines": [37, 38, 39, 46, 47, 49, 50, 52], "summary": {"covered_lines": 8, "num_statements": 15, "percent_covered": 53.333333333333336, "percent_covered_display": "53", "missing_lines": 7, "excluded_lines": 0}, "missing_lines": [40, 41, 53, 54, 55, 56, 57], "excluded_lines": []}, "verify_email": {"executed_lines": [64, 65, 71], "summary": {"covered_lines": 3, "num_statements": 4, "percent_covered": 75.0, "percent_covered_display": "75", "missing_lines": 1, "excluded_lines": 0}, "missing_lines": [66], "excluded_lines": []}, "resend_verification_email": {"executed_lines": [], "summary": {"covered_lines": 0, "num_statements": 8, "percent_covered": 0.0, "percent_covered_display": "0", "missing_lines": 8, "excluded_lines": 0}, "missing_lines": [80, 81, 82, 84, 85, 90, 91, 93], "excluded_lines": []}, "login": {"executed_lines": [101, 102, 104, 105, 106, 111, 118, 121, 123, 127, 129, 135, 136, 137, 138, 146, 147], "summary": {"covered_lines": 17, "num_statements": 24, "percent_covered": 70.83333333333333, "percent_covered_display": "71", "missing_lines": 7, "excluded_lines": 0}, "missing_lines": [112, 113, 119, 142, 148, 149, 150], "excluded_lines": []}, "forgot_password": {"executed_lines": [166, 168, 170, 172, 173, 174, 175, 177, 182], "summary": {"covered_lines": 9, "num_statements": 11, "percent_covered": 81.81818181818181, "percent_covered_display": "82", "missing_lines": 2, "excluded_lines": 0}, "missing_lines": [178, 180], "excluded_lines": []}, "verify_reset_token": {"executed_lines": [195, 197, 198, 200], "summary": {"covered_lines": 4, "num_statements": 4, "percent_covered": 100.0, "percent_covered_display": "100", "missing_lines": 0, "excluded_lines": 0}, "missing_lines": [], "excluded_lines": []}, "reset_password": {"executed_lines": [211, 212, 217, 218], "summary": {"covered_lines": 4, "num_statements": 5, "percent_covered": 80.0, "percent_covered_display": "80", "missing_lines": 1, "excluded_lines": 0}, "missing_lines": [219], "excluded_lines": []}, "": {"executed_lines": [2, 3, 4, 5, 6, 7, 14, 15, 16, 17, 18, 19, 21, 23, 26, 27, 30, 31, 59, 60, 73, 74, 96, 97, 153, 154, 187, 188, 203, 204], "summary": {"covered_lines": 30, "num_statements": 30, "percent_covered": 100.0, "percent_covered_display": "100", "missing_lines": 0, "excluded_lines": 0}, "missing_lines": [], "excluded_lines": []}}, "classes": {"": {"executed_lines": [2, 3, 4, 5, 6, 7, 14, 15, 16, 17, 18, 19, 21, 23, 24, 26, 27, 30, 31, 37, 38, 39, 46, 47, 49, 50, 52, 59, 60, 64, 65, 71, 73, 74, 96, 97, 101, 102, 104, 105, 106, 111, 118, 121, 123, 127, 129, 135, 136, 137, 138, 146, 147, 153, 154, 166, 168, 170, 172, 173, 174, 175, 177, 182, 187, 188, 195, 197, 198, 200, 203, 204, 211, 212, 217, 218], "summary": {"covered_lines": 76, "num_statements": 103, "percent_covered": 73.7864077669903, "percent_covered_display": "74", "missing_lines": 27, "excluded_lines": 0}, "missing_lines": [28, 40, 41, 53, 54, 55, 56, 57, 66, 80, 81, 82, 84, 85, 90, 91, 93, 112, 113, 119, 142, 148, 149, 150, 178, 180, 219], "excluded_lines": []}}}, "app/api/endpoints/book_clubs.py": {"executed_lines": [2, 3, 4, 6, 7, 8, 9, 10, 11, 12, 13, 14, 15, 16, 17, 19, 22, 25, 26, 29, 30, 45, 46, 72, 73, 79, 80, 83, 84, 95, 96, 101, 108, 117, 118, 122, 125, 126, 136, 137, 138, 139, 144, 147, 157, 163, 164, 170, 174, 175, 178, 179, 190, 191, 192, 194, 195, 196, 199, 200, 207, 208, 214, 215], "summary": {"covered_lines": 64, "num_statements": 75, "percent_covered": 85.33333333333333, "percent_covered_display": "85", "missing_lines": 11, "excluded_lines": 0}, "missing_lines": [23, 37, 64, 97, 98, 140, 141, 145, 201, 202, 203], "excluded_lines": [], "functions": {"get_user_service": {"executed_lines": [], "summary": {"covered_lines": 0, "num_statements": 1, "percent_covered": 0.0, "percent_covered_display": "0", "missing_lines": 1, "excluded_lines": 0}, "missing_lines": [23], "excluded_lines": []}, "get_club_management_service": {"executed_lines": [26], "summary": {"covered_lines": 1, "num_statements": 1, "percent_covered": 100.0, "percent_covered_display": "100", "missing_lines": 0, "excluded_lines": 0}, "missing_lines": [], "excluded_lines": []}, "update_book_club": {"executed_lines": [], "summary": {"covered_lines": 0, "num_statements": 1, "percent_covered": 0.0, "percent_covered_display": "0", "missing_lines": 1, "excluded_lines": 0}, "missing_lines": [37], "excluded_lines": []}, "update_club_cover": {"executed_lines": [], "summary": {"covered_lines": 0, "num_statements": 1, "percent_covered": 0.0, "percent_covered_display": "0", "missing_lines": 1, "excluded_lines": 0}, "missing_lines": [64], "excluded_lines": []}, "delete_book_club": {"executed_lines": [79, 80], "summary": {"covered_lines": 2, "num_statements": 2, "percent_covered": 100.0, "percent_covered_display": "100", "missing_lines": 0, "excluded_lines": 0}, "missing_lines": [], "excluded_lines": []}, "create_book_club": {"executed_lines": [95, 96, 101, 108], "summary": {"covered_lines": 4, "num_statements": 6, "percent_covered": 66.66666666666667, "percent_covered_display": "67", "missing_lines": 2, "excluded_lines": 0}, "missing_lines": [97, 98], "excluded_lines": []}, "get_available_tags": {"executed_lines": [122], "summary": {"covered_lines": 1, "num_statements": 1, "percent_covered": 100.0, "percent_covered_display": "100", "missing_lines": 0, "excluded_lines": 0}, "missing_lines": [], "excluded_lines": []}, "list_book_clubs": {"executed_lines": [136, 137, 138, 139, 144, 147, 157], "summary": {"covered_lines": 7, "num_statements": 10, "percent_covered": 70.0, "percent_covered_display": "70", "missing_lines": 3, "excluded_lines": 0}, "missing_lines": [140, 141, 145], "excluded_lines": []}, "get_book_club_detail": {"executed_lines": [170], "summary": {"covered_lines": 1, "num_statements": 1, "percent_covered": 100.0, "percent_covered_display": "100", "missing_lines": 0, "excluded_lines": 0}, "missing_lines": [], "excluded_lines": []}, "join_club": {"executed_lines": [190, 191, 192, 194, 195, 196, 199, 200], "summary": {"covered_lines": 8, "num_statements": 11, "percent_covered": 72.72727272727273, "percent_covered_display": "73", "missing_lines": 3, "excluded_lines": 0}, "missing_lines": [201, 202, 203], "excluded_lines": []}, "leave_club": {"executed_lines": [214, 215], "summary": {"covered_lines": 2, "num_statements": 2, "percent_covered": 100.0, "percent_covered_display": "100", "missing_lines": 0, "excluded_lines": 0}, "missing_lines": [], "excluded_lines": []}, "": {"executed_lines": [2, 3, 4, 6, 7, 8, 9, 10, 11, 12, 13, 14, 15, 16, 17, 19, 22, 25, 29, 30, 45, 46, 72, 73, 83, 84, 117, 118, 125, 126, 163, 164, 174, 175, 178, 179, 207, 208], "summary": {"covered_lines": 38, "num_statements": 38, "percent_covered": 100.0, "percent_covered_display": "100", "missing_lines": 0, "excluded_lines": 0}, "missing_lines": [], "excluded_lines": []}}, "classes": {"": {"executed_lines": [2, 3, 4, 6, 7, 8, 9, 10, 11, 12, 13, 14, 15, 16, 17, 19, 22, 25, 26, 29, 30, 45, 46, 72, 73, 79, 80, 83, 84, 95, 96, 101, 108, 117, 118, 122, 125, 126, 136, 137, 138, 139, 144, 147, 157, 163, 164, 170, 174, 175, 178, 179, 190, 191, 192, 194, 195, 196, 199, 200, 207, 208, 214, 215], "summary": {"covered_lines": 64, "num_statements": 75, "percent_covered": 85.33333333333333, "percent_covered_display": "85", "missing_lines": 11, "excluded_lines": 0}, "missing_lines": [23, 37, 64, 97, 98, 140, 141, 145, 201, 202, 203], "excluded_lines": []}}}, "app/api/endpoints/club_members.py": {"executed_lines": [2, 3, 4, 6, 7, 8, 9, 10, 12, 14, 15, 17, 18, 24, 27, 28, 35, 36, 39, 40, 51, 52, 61, 62, 70, 78, 79, 86, 87, 90, 91, 98, 103], "summary": {"covered_lines": 33, "num_statements": 36, "percent_covered": 91.66666666666667, "percent_covered_display": "92", "missing_lines": 3, "excluded_lines": 0}, "missing_lines": [47, 48, 58], "excluded_lines": [], "functions": {"get_club_management_service": {"executed_lines": [15], "summary": {"covered_lines": 1, "num_statements": 1, "percent_covered": 100.0, "percent_covered_display": "100", "missing_lines": 0, "excluded_lines": 0}, "missing_lines": [], "excluded_lines": []}, "get_pending_join_requests": {"executed_lines": [24], "summary": {"covered_lines": 1, "num_statements": 1, "percent_covered": 100.0, "percent_covered_display": "100", "missing_lines": 0, "excluded_lines": 0}, "missing_lines": [], "excluded_lines": []}, "approve_join_request": {"executed_lines": [35, 36], "summary": {"covered_lines": 2, "num_statements": 2, "percent_covered": 100.0, "percent_covered_display": "100", "missing_lines": 0, "excluded_lines": 0}, "missing_lines": [], "excluded_lines": []}, "reject_join_request": {"executed_lines": [], "summary": {"covered_lines": 0, "num_statements": 2, "percent_covered": 0.0, "percent_covered_display": "0", "missing_lines": 2, "excluded_lines": 0}, "missing_lines": [47, 48], "excluded_lines": []}, "get_club_members": {"executed_lines": [], "summary": {"covered_lines": 0, "num_statements": 1, "percent_covered": 0.0, "percent_covered_display": "0", "missing_lines": 1, "excluded_lines": 0}, "missing_lines": [58], "excluded_lines": []}, "update_member_role": {"executed_lines": [70], "summary": {"covered_lines": 1, "num_statements": 1, "percent_covered": 100.0, "percent_covered_display": "100", "missing_lines": 0, "excluded_lines": 0}, "missing_lines": [], "excluded_lines": []}, "remove_member": {"executed_lines": [86, 87], "summary": {"covered_lines": 2, "num_statements": 2, "percent_covered": 100.0, "percent_covered_display": "100", "missing_lines": 0, "excluded_lines": 0}, "missing_lines": [], "excluded_lines": []}, "transfer_ownership": {"executed_lines": [98, 103], "summary": {"covered_lines": 2, "num_statements": 2, "percent_covered": 100.0, "percent_covered_display": "100", "missing_lines": 0, "excluded_lines": 0}, "missing_lines": [], "excluded_lines": []}, "": {"executed_lines": [2, 3, 4, 6, 7, 8, 9, 10, 12, 14, 17, 18, 27, 28, 39, 40, 51, 52, 61, 62, 78, 79, 90, 91], "summary": {"covered_lines": 24, "num_statements": 24, "percent_covered": 100.0, "percent_covered_display": "100", "missing_lines": 0, "excluded_lines": 0}, "missing_lines": [], "excluded_lines": []}}, "classes": {"": {"executed_lines": [2, 3, 4, 6, 7, 8, 9, 10, 12, 14, 15, 17, 18, 24, 27, 28, 35, 36, 39, 40, 51, 52, 61, 62, 70, 78, 79, 86, 87, 90, 91, 98, 103], "summary": {"covered_lines": 33, "num_statements": 36, "percent_covered": 91.66666666666667, "percent_covered_display": "92", "missing_lines": 3, "excluded_lines": 0}, "missing_lines": [47, 48, 58], "excluded_lines": []}}}, "app/api/endpoints/dashboard.py": {"executed_lines": [1, 2, 4, 5, 6, 7, 8, 9, 11, 14, 15, 20], "summary": {"covered_lines": 12, "num_statements": 12, "percent_covered": 100.0, "percent_covered_display": "100", "missing_lines": 0, "excluded_lines": 0}, "missing_lines": [], "excluded_lines": [], "functions": {"get_my_dashboard": {"executed_lines": [20], "summary": {"covered_lines": 1, "num_statements": 1, "percent_covered": 100.0, "percent_covered_display": "100", "missing_lines": 0, "excluded_lines": 0}, "missing_lines": [], "excluded_lines": []}, "": {"executed_lines": [1, 2, 4, 5, 6, 7, 8, 9, 11, 14, 15], "summary": {"covered_lines": 11, "num_statements": 11, "percent_covered": 100.0, "percent_covered_display": "100", "missing_lines": 0, "excluded_lines": 0}, "missing_lines": [], "excluded_lines": []}}, "classes": {"": {"executed_lines": [1, 2, 4, 5, 6, 7, 8, 9, 11, 14, 15, 20], "summary": {"covered_lines": 12, "num_statements": 12, "percent_covered": 100.0, "percent_covered_display": "100", "missing_lines": 0, "excluded_lines": 0}, "missing_lines": [], "excluded_lines": []}}}, "app/api/endpoints/discussions.py": {"executed_lines": [1, 2, 3, 4, 6, 7, 8, 9, 13, 14, 16, 18, 20, 21, 29, 30, 32, 34, 35, 44, 51, 52, 61, 70, 72, 74, 75, 85, 86, 89, 97, 103], "summary": {"covered_lines": 32, "num_statements": 34, "percent_covered": 94.11764705882354, "percent_covered_display": "94", "missing_lines": 2, "excluded_lines": 0}, "missing_lines": [71, 87], "excluded_lines": [], "functions": {"get_discussion_topics": {"executed_lines": [29, 30], "summary": {"covered_lines": 2, "num_statements": 2, "percent_covered": 100.0, "percent_covered_display": "100", "missing_lines": 0, "excluded_lines": 0}, "missing_lines": [], "excluded_lines": []}, "create_discussion_topic": {"executed_lines": [44], "summary": {"covered_lines": 1, "num_statements": 1, "percent_covered": 100.0, "percent_covered_display": "100", "missing_lines": 0, "excluded_lines": 0}, "missing_lines": [], "excluded_lines": []}, "get_discussion_topic": {"executed_lines": [61, 70, 72], "summary": {"covered_lines": 3, "num_statements": 4, "percent_covered": 75.0, "percent_covered_display": "75", "missing_lines": 1, "excluded_lines": 0}, "missing_lines": [71], "excluded_lines": []}, "create_discussion_comment": {"executed_lines": [85, 86, 89, 97, 103], "summary": {"covered_lines": 5, "num_statements": 6, "percent_covered": 83.33333333333333, "percent_covered_display": "83", "missing_lines": 1, "excluded_lines": 0}, "missing_lines": [87], "excluded_lines": []}, "": {"executed_lines": [1, 2, 3, 4, 6, 7, 8, 9, 13, 14, 16, 18, 20, 21, 32, 34, 35, 51, 52, 74, 75], "summary": {"covered_lines": 21, "num_statements": 21, "percent_covered": 100.0, "percent_covered_display": "100", "missing_lines": 0, "excluded_lines": 0}, "missing_lines": [], "excluded_lines": []}}, "classes": {"": {"executed_lines": [1, 2, 3, 4, 6, 7, 8, 9, 13, 14, 16, 18, 20, 21, 29, 30, 32, 34, 35, 44, 51, 52, 61, 70, 72, 74, 75, 85, 86, 89, 97, 103], "summary": {"covered_lines": 32, "num_statements": 34, "percent_covered": 94.11764705882354, "percent_covered_display": "94", "missing_lines": 2, "excluded_lines": 0}, "missing_lines": [71, 87], "excluded_lines": []}}}, "app/api/endpoints/events.py": {"executed_lines": [1, 2, 3, 5, 6, 7, 8, 9, 11, 14, 21, 46, 47, 53, 54, 62, 68, 94, 95, 105, 106, 114, 115, 134, 135, 146, 154, 155, 166, 174, 180, 207, 208, 215, 216, 224, 230, 251, 252, 258, 259], "summary": {"covered_lines": 41, "num_statements": 50, "percent_covered": 82.0, "percent_covered_display": "82", "missing_lines": 9, "excluded_lines": 0}, "missing_lines": [55, 56, 107, 108, 126, 217, 218, 260, 261], "excluded_lines": [], "functions": {"create_club_event": {"executed_lines": [46, 47, 53, 54], "summary": {"covered_lines": 4, "num_statements": 6, "percent_covered": 66.66666666666667, "percent_covered_display": "67", "missing_lines": 2, "excluded_lines": 0}, "missing_lines": [55, 56], "excluded_lines": []}, "get_club_events": {"executed_lines": [94, 95, 105, 106], "summary": {"covered_lines": 4, "num_statements": 6, "percent_covered": 66.66666666666667, "percent_covered_display": "67", "missing_lines": 2, "excluded_lines": 0}, "missing_lines": [107, 108], "excluded_lines": []}, "get_club_event_detail": {"executed_lines": [], "summary": {"covered_lines": 0, "num_statements": 1, "percent_covered": 0.0, "percent_covered_display": "0", "missing_lines": 1, "excluded_lines": 0}, "missing_lines": [126], "excluded_lines": []}, "join_club_event": {"executed_lines": [146], "summary": {"covered_lines": 1, "num_statements": 1, "percent_covered": 100.0, "percent_covered_display": "100", "missing_lines": 0, "excluded_lines": 0}, "missing_lines": [], "excluded_lines": []}, "leave_club_event": {"executed_lines": [166], "summary": {"covered_lines": 1, "num_statements": 1, "percent_covered": 100.0, "percent_covered_display": "100", "missing_lines": 0, "excluded_lines": 0}, "missing_lines": [], "excluded_lines": []}, "update_club_event": {"executed_lines": [207, 208, 215, 216], "summary": {"covered_lines": 4, "num_statements": 6, "percent_covered": 66.66666666666667, "percent_covered_display": "67", "missing_lines": 2, "excluded_lines": 0}, "missing_lines": [217, 218], "excluded_lines": []}, "delete_club_event": {"executed_lines": [251, 252, 258, 259], "summary": {"covered_lines": 4, "num_statements": 6, "percent_covered": 66.66666666666667, "percent_covered_display": "67", "missing_lines": 2, "excluded_lines": 0}, "missing_lines": [260, 261], "excluded_lines": []}, "": {"executed_lines": [1, 2, 3, 5, 6, 7, 8, 9, 11, 14, 21, 62, 68, 114, 115, 134, 135, 154, 155, 174, 180, 224, 230], "summary": {"covered_lines": 23, "num_statements": 23, "percent_covered": 100.0, "percent_covered_display": "100", "missing_lines": 0, "excluded_lines": 0}, "missing_lines": [], "excluded_lines": []}}, "classes": {"": {"executed_lines": [1, 2, 3, 5, 6, 7, 8, 9, 11, 14, 21, 46, 47, 53, 54, 62, 68, 94, 95, 105, 106, 114, 115, 134, 135, 146, 154, 155, 166, 174, 180, 207, 208, 215, 216, 224, 230, 251, 252, 258, 259], "summary": {"covered_lines": 41, "num_statements": 50, "percent_covered": 82.0, "percent_covered_display": "82", "missing_lines": 9, "excluded_lines": 0}, "missing_lines": [55, 56, 107, 108, 126, 217, 218, 260, 261], "excluded_lines": []}}}, "app/api/endpoints/interest_tags.py": {"executed_lines": [2, 3, 4, 6, 7, 8, 9, 10, 11, 13, 15, 16, 22, 24, 25, 32, 33], "summary": {"covered_lines": 17, "num_statements": 19, "percent_covered": 89.47368421052632, "percent_covered_display": "89", "missing_lines": 2, "excluded_lines": 0}, "missing_lines": [34, 35], "excluded_lines": [], "functions": {"get_all_tags": {"executed_lines": [22], "summary": {"covered_lines": 1, "num_statements": 1, "percent_covered": 100.0, "percent_covered_display": "100", "missing_lines": 0, "excluded_lines": 0}, "missing_lines": [], "excluded_lines": []}, "create_custom_tag": {"executed_lines": [32, 33], "summary": {"covered_lines": 2, "num_statements": 4, "percent_covered": 50.0, "percent_covered_display": "50", "missing_lines": 2, "excluded_lines": 0}, "missing_lines": [34, 35], "excluded_lines": []}, "": {"executed_lines": [2, 3, 4, 6, 7, 8, 9, 10, 11, 13, 15, 16, 24, 25], "summary": {"covered_lines": 14, "num_statements": 14, "percent_covered": 100.0, "percent_covered_display": "100", "missing_lines": 0, "excluded_lines": 0}, "missing_lines": [], "excluded_lines": []}}, "classes": {"": {"executed_lines": [2, 3, 4, 6, 7, 8, 9, 10, 11, 13, 15, 16, 22, 24, 25, 32, 33], "summary": {"covered_lines": 17, "num_statements": 19, "percent_covered": 89.47368421052632, "percent_covered_display": "89", "missing_lines": 2, "excluded_lines": 0}, "missing_lines": [34, 35], "excluded_lines": []}}}, "app/api/endpoints/notifications.py": {"executed_lines": [1, 2, 3, 4, 5, 7, 8, 9, 10, 11, 12, 13, 15, 18, 19, 20, 21, 22, 23, 24, 26, 27, 29, 31, 34, 35, 38, 39, 57, 59, 60, 62, 64, 67, 68, 69, 71, 85, 101, 103, 104, 107, 110, 113, 114, 133, 135, 139, 140, 142, 143, 144, 146], "summary": {"covered_lines": 53, "num_statements": 66, "percent_covered": 80.3030303030303, "percent_covered_display": "80", "missing_lines": 13, "excluded_lines": 0}, "missing_lines": [32, 73, 74, 75, 82, 83, 87, 88, 89, 96, 97, 108, 136], "excluded_lines": [], "functions": {"NotificationRead.serialize_created_at": {"executed_lines": [29, 31], "summary": {"covered_lines": 2, "num_statements": 3, "percent_covered": 66.66666666666667, "percent_covered_display": "67", "missing_lines": 1, "excluded_lines": 0}, "missing_lines": [32], "excluded_lines": []}, "get_notifications": {"executed_lines": [57, 59, 60, 62, 64, 67, 68, 69, 71, 85, 101, 103, 104, 107, 110], "summary": {"covered_lines": 15, "num_statements": 26, "percent_covered": 57.69230769230769, "percent_covered_display": "58", "missing_lines": 11, "excluded_lines": 0}, "missing_lines": [73, 74, 75, 82, 83, 87, 88, 89, 96, 97, 108], "excluded_lines": []}, "mark_notification_as_read": {"executed_lines": [133, 135, 139, 140, 142, 143, 144, 146], "summary": {"covered_lines": 8, "num_statements": 9, "percent_covered": 88.88888888888889, "percent_covered_display": "89", "missing_lines": 1, "excluded_lines": 0}, "missing_lines": [136], "excluded_lines": []}, "": {"executed_lines": [1, 2, 3, 4, 5, 7, 8, 9, 10, 11, 12, 13, 15, 18, 19, 20, 21, 22, 23, 24, 26, 27, 34, 35, 38, 39, 113, 114], "summary": {"covered_lines": 28, "num_statements": 28, "percent_covered": 100.0, "percent_covered_display": "100", "missing_lines": 0, "excluded_lines": 0}, "missing_lines": [], "excluded_lines": []}}, "classes": {"NotificationRead": {"executed_lines": [29, 31], "summary": {"covered_lines": 2, "num_statements": 3, "percent_covered": 66.66666666666667, "percent_covered_display": "67", "missing_lines": 1, "excluded_lines": 0}, "missing_lines": [32], "excluded_lines": []}, "NotificationRead.Config": {"executed_lines": [], "summary": {"covered_lines": 0, "num_statements": 0, "percent_covered": 100.0, "percent_covered_display": "100", "missing_lines": 0, "excluded_lines": 0}, "missing_lines": [], "excluded_lines": []}, "": {"executed_lines": [1, 2, 3, 4, 5, 7, 8, 9, 10, 11, 12, 13, 15, 18, 19, 20, 21, 22, 23, 24, 26, 27, 34, 35, 38, 39, 57, 59, 60, 62, 64, 67, 68, 69, 71, 85, 101, 103, 104, 107, 110, 113, 114, 133, 135, 139, 140, 142, 143, 144, 146], "summary": {"covered_lines": 51, "num_statements": 63, "percent_covered": 80.95238095238095, "percent_covered_display": "81", "missing_lines": 12, "excluded_lines": 0}, "missing_lines": [73, 74, 75, 82, 83, 87, 88, 89, 96, 97, 108, 136], "excluded_lines": []}}}, "app/api/endpoints/user_events.py": {"executed_lines": [1, 2, 3, 5, 6, 7, 8, 9, 10, 12, 15, 16], "summary": {"covered_lines": 12, "num_statements": 14, "percent_covered": 85.71428571428571, "percent_covered_display": "86", "missing_lines": 2, "excluded_lines": 0}, "missing_lines": [36, 46], "excluded_lines": [], "functions": {"get_my_club_events": {"executed_lines": [], "summary": {"covered_lines": 0, "num_statements": 2, "percent_covered": 0.0, "percent_covered_display": "0", "missing_lines": 2, "excluded_lines": 0}, "missing_lines": [36, 46], "excluded_lines": []}, "": {"executed_lines": [1, 2, 3, 5, 6, 7, 8, 9, 10, 12, 15, 16], "summary": {"covered_lines": 12, "num_statements": 12, "percent_covered": 100.0, "percent_covered_display": "100", "missing_lines": 0, "excluded_lines": 0}, "missing_lines": [], "excluded_lines": []}}, "classes": {"": {"executed_lines": [1, 2, 3, 5, 6, 7, 8, 9, 10, 12, 15, 16], "summary": {"covered_lines": 12, "num_statements": 14, "percent_covered": 85.71428571428571, "percent_covered_display": "86", "missing_lines": 2, "excluded_lines": 0}, "missing_lines": [36, 46], "excluded_lines": []}}}, "app/api/endpoints/users.py": {"executed_lines": [1, 2, 3, 4, 6, 7, 8, 9, 10, 12, 16, 17, 21, 22, 25, 26, 31, 32, 39, 40, 45, 46, 47, 48, 53, 54, 66, 67, 72, 73, 74, 75, 76, 81, 82, 87, 88, 89, 90, 95, 96, 107, 108], "summary": {"covered_lines": 43, "num_statements": 63, "percent_covered": 68.25396825396825, "percent_covered_display": "68", "missing_lines": 20, "excluded_lines": 0}, "missing_lines": [49, 50, 58, 59, 60, 61, 62, 63, 77, 78, 91, 92, 101, 102, 103, 104, 105, 112, 113, 114], "excluded_lines": [], "functions": {"get_user_profile": {"executed_lines": [21, 22], "summary": {"covered_lines": 2, "num_statements": 2, "percent_covered": 100.0, "percent_covered_display": "100", "missing_lines": 0, "excluded_lines": 0}, "missing_lines": [], "excluded_lines": []}, "update_user_profile": {"executed_lines": [31, 32], "summary": {"covered_lines": 2, "num_statements": 2, "percent_covered": 100.0, "percent_covered_display": "100", "missing_lines": 0, "excluded_lines": 0}, "missing_lines": [], "excluded_lines": []}, "upload_avatar": {"executed_lines": [45, 46, 47, 48], "summary": {"covered_lines": 4, "num_statements": 6, "percent_covered": 66.66666666666667, "percent_covered_display": "67", "missing_lines": 2, "excluded_lines": 0}, "missing_lines": [49, 50], "excluded_lines": []}, "remove_avatar": {"executed_lines": [], "summary": {"covered_lines": 0, "num_statements": 6, "percent_covered": 0.0, "percent_covered_display": "0", "missing_lines": 6, "excluded_lines": 0}, "missing_lines": [58, 59, 60, 61, 62, 63], "excluded_lines": []}, "add_my_interest_tag": {"executed_lines": [72, 73, 74, 75, 76], "summary": {"covered_lines": 5, "num_statements": 7, "percent_covered": 71.42857142857143, "percent_covered_display": "71", "missing_lines": 2, "excluded_lines": 0}, "missing_lines": [77, 78], "excluded_lines": []}, "remove_my_interest_tag": {"executed_lines": [87, 88, 89, 90], "summary": {"covered_lines": 4, "num_statements": 6, "percent_covered": 66.66666666666667, "percent_covered_display": "67", "missing_lines": 2, "excluded_lines": 0}, "missing_lines": [91, 92], "excluded_lines": []}, "update_display_name": {"executed_lines": [], "summary": {"covered_lines": 0, "num_statements": 5, "percent_covered": 0.0, "percent_covered_display": "0", "missing_lines": 5, "excluded_lines": 0}, "missing_lines": [101, 102, 103, 104, 105], "excluded_lines": []}, "deactivate_account": {"executed_lines": [], "summary": {"covered_lines": 0, "num_statements": 3, "percent_covered": 0.0, "percent_covered_display": "0", "missing_lines": 3, "excluded_lines": 0}, "missing_lines": [112, 113, 114], "excluded_lines": []}, "": {"executed_lines": [1, 2, 3, 4, 6, 7, 8, 9, 10, 12, 16, 17, 25, 26, 39, 40, 53, 54, 66, 67, 81, 82, 95, 96, 107, 108], "summary": {"covered_lines": 26, "num_statements": 26, "percent_covered": 100.0, "percent_covered_display": "100", "missing_lines": 0, "excluded_lines": 0}, "missing_lines": [], "excluded_lines": []}}, "classes": {"": {"executed_lines": [1, 2, 3, 4, 6, 7, 8, 9, 10, 12, 16, 17, 21, 22, 25, 26, 31, 32, 39, 40, 45, 46, 47, 48, 53, 54, 66, 67, 72, 73, 74, 75, 76, 81, 82, 87, 88, 89, 90, 95, 96, 107, 108], "summary": {"covered_lines": 43, "num_statements": 63, "percent_covered": 68.25396825396825, "percent_covered_display": "68", "missing_lines": 20, "excluded_lines": 0}, "missing_lines": [49, 50, 58, 59, 60, 61, 62, 63, 77, 78, 91, 92, 101, 102, 103, 104, 105, 112, 113, 114], "excluded_lines": []}}}, "app/core/__init__.py": {"executed_lines": [0], "summary": {"covered_lines": 0, "num_statements": 0, "percent_covered": 100.0, "percent_covered_display": "100", "missing_lines": 0, "excluded_lines": 0}, "missing_lines": [], "excluded_lines": [], "functions": {"": {"executed_lines": [], "summary": {"covered_lines": 0, "num_statements": 0, "percent_covered": 100.0, "percent_covered_display": "100", "missing_lines": 0, "excluded_lines": 0}, "missing_lines": [], "excluded_lines": []}}, "classes": {"": {"executed_lines": [], "summary": {"covered_lines": 0, "num_statements": 0, "percent_covered": 100.0, "percent_covered_display": "100", "missing_lines": 0, "excluded_lines": 0}, "missing_lines": [], "excluded_lines": []}}}, "app/core/cloudinary_config.py": {"executed_lines": [1, 10, 11, 12, 13, 16, 24, 39, 40, 49, 54, 73], "summary": {"covered_lines": 11, "num_statements": 36, "percent_covered": 30.555555555555557, "percent_covered_display": "31", "missing_lines": 25, "excluded_lines": 0}, "missing_lines": [50, 51, 65, 66, 67, 68, 69, 70, 84, 85, 87, 89, 90, 91, 93, 96, 97, 99, 101, 104, 105, 107, 108, 109, 110], "excluded_lines": [], "functions": {"upload_image": {"executed_lines": [39, 40, 49], "summary": {"covered_lines": 3, "num_statements": 5, "percent_covered": 60.0, "percent_covered_display": "60", "missing_lines": 2, "excluded_lines": 0}, "missing_lines": [50, 51], "excluded_lines": []}, "delete_image": {"executed_lines": [], "summary": {"covered_lines": 0, "num_statements": 6, "percent_covered": 0.0, "percent_covered_display": "0", "missing_lines": 6, "excluded_lines": 0}, "missing_lines": [65, 66, 67, 68, 69, 70], "excluded_lines": []}, "extract_public_id_from_url": {"executed_lines": [], "summary": {"covered_lines": 0, "num_statements": 17, "percent_covered": 0.0, "percent_covered_display": "0", "missing_lines": 17, "excluded_lines": 0}, "missing_lines": [84, 85, 87, 89, 90, 91, 93, 96, 97, 99, 101, 104, 105, 107, 108, 109, 110], "excluded_lines": []}, "": {"executed_lines": [1, 10, 11, 12, 13, 16, 24, 54, 73], "summary": {"covered_lines": 8, "num_statements": 8, "percent_covered": 100.0, "percent_covered_display": "100", "missing_lines": 0, "excluded_lines": 0}, "missing_lines": [], "excluded_lines": []}}, "classes": {"": {"executed_lines": [1, 10, 11, 12, 13, 16, 24, 39, 40, 49, 54, 73], "summary": {"covered_lines": 11, "num_statements": 36, "percent_covered": 30.555555555555557, "percent_covered_display": "31", "missing_lines": 25, "excluded_lines": 0}, "missing_lines": [50, 51, 65, 66, 67, 68, 69, 70, 84, 85, 87, 89, 90, 91, 93, 96, 97, 99, 101, 104, 105, 107, 108, 109, 110], "excluded_lines": []}}}, "app/core/logging_config.py": {"executed_lines": [1, 5, 6, 7, 8, 9, 12, 13, 16, 17, 20, 23, 35, 36, 39, 43, 46, 47, 48, 49, 52, 53, 54, 60, 61, 62, 64, 68, 69, 70, 71, 72, 75, 77, 83, 85, 91, 99, 101, 102, 109, 118], "summary": {"covered_lines": 41, "num_statements": 45, "percent_covered": 91.11111111111111, "percent_covered_display": "91", "missing_lines": 4, "excluded_lines": 0}, "missing_lines": [40, 93, 111, 120], "excluded_lines": [], "functions": {"setup_logger": {"executed_lines": [35, 36, 39, 43, 46, 47, 48, 49, 52, 53, 54, 60, 61, 62, 64], "summary": {"covered_lines": 15, "num_statements": 16, "percent_covered": 93.75, "percent_covered_display": "94", "missing_lines": 1, "excluded_lines": 0}, "missing_lines": [40], "excluded_lines": []}, "log_api_request": {"executed_lines": [77], "summary": {"covered_lines": 1, "num_statements": 1, "percent_covered": 100.0, "percent_covered_display": "100", "missing_lines": 0, "excluded_lines": 0}, "missing_lines": [], "excluded_lines": []}, "log_api_response": {"executed_lines": [85], "summary": {"covered_lines": 1, "num_statements": 1, "percent_covered": 100.0, "percent_covered_display": "100", "missing_lines": 0, "excluded_lines": 0}, "missing_lines": [], "excluded_lines": []}, "log_database_operation": {"executed_lines": [], "summary": {"covered_lines": 0, "num_statements": 1, "percent_covered": 0.0, "percent_covered_display": "0", "missing_lines": 1, "excluded_lines": 0}, "missing_lines": [93], "excluded_lines": []}, "log_auth_event": {"executed_lines": [101, 102], "summary": {"covered_lines": 2, "num_statements": 2, "percent_covered": 100.0, "percent_covered_display": "100", "missing_lines": 0, "excluded_lines": 0}, "missing_lines": [], "excluded_lines": []}, "log_error": {"executed_lines": [], "summary": {"covered_lines": 0, "num_statements": 1, "percent_covered": 0.0, "percent_covered_display": "0", "missing_lines": 1, "excluded_lines": 0}, "missing_lines": [111], "excluded_lines": []}, "log_business_event": {"executed_lines": [], "summary": {"covered_lines": 0, "num_statements": 1, "percent_covered": 0.0, "percent_covered_display": "0", "missing_lines": 1, "excluded_lines": 0}, "missing_lines": [120], "excluded_lines": []}, "": {"executed_lines": [1, 5, 6, 7, 8, 9, 12, 13, 16, 17, 20, 23, 68, 69, 70, 71, 72, 75, 83, 91, 99, 109, 118], "summary": {"covered_lines": 22, "num_statements": 22, "percent_covered": 100.0, "percent_covered_display": "100", "missing_lines": 0, "excluded_lines": 0}, "missing_lines": [], "excluded_lines": []}}, "classes": {"": {"executed_lines": [1, 5, 6, 7, 8, 9, 12, 13, 16, 17, 20, 23, 35, 36, 39, 43, 46, 47, 48, 49, 52, 53, 54, 60, 61, 62, 64, 68, 69, 70, 71, 72, 75, 77, 83, 85, 91, 99, 101, 102, 109, 118], "summary": {"covered_lines": 41, "num_statements": 45, "percent_covered": 91.11111111111111, "percent_covered_display": "91", "missing_lines": 4, "excluded_lines": 0}, "missing_lines": [40, 93, 111, 120], "excluded_lines": []}}}, "app/core/logging_middleware.py": {"executed_lines": [1, 5, 6, 7, 8, 10, 13, 14, 16, 18, 21, 22, 25, 26, 30, 32, 34, 37, 40, 42], "summary": {"covered_lines": 18, "num_statements": 24, "percent_covered": 75.0, "percent_covered_display": "75", "missing_lines": 6, "excluded_lines": 0}, "missing_lines": [27, 44, 46, 47, 48, 49], "excluded_lines": [], "functions": {"LoggingMiddleware.dispatch": {"executed_lines": [18, 21, 22, 25, 26, 30, 32, 34, 37, 40, 42], "summary": {"covered_lines": 11, "num_statements": 17, "percent_covered": 64.70588235294117, "percent_covered_display": "65", "missing_lines": 6, "excluded_lines": 0}, "missing_lines": [27, 44, 46, 47, 48, 49], "excluded_lines": []}, "": {"executed_lines": [1, 5, 6, 7, 8, 10, 13, 14, 16], "summary": {"covered_lines": 7, "num_statements": 7, "percent_covered": 100.0, "percent_covered_display": "100", "missing_lines": 0, "excluded_lines": 0}, "missing_lines": [], "excluded_lines": []}}, "classes": {"LoggingMiddleware": {"executed_lines": [18, 21, 22, 25, 26, 30, 32, 34, 37, 40, 42], "summary": {"covered_lines": 11, "num_statements": 17, "percent_covered": 64.70588235294117, "percent_covered_display": "65", "missing_lines": 6, "excluded_lines": 0}, "missing_lines": [27, 44, 46, 47, 48, 49], "excluded_lines": []}, "": {"executed_lines": [1, 5, 6, 7, 8, 10, 13, 14, 16], "summary": {"covered_lines": 7, "num_statements": 7, "percent_covered": 100.0, "percent_covered_display": "100", "missing_lines": 0, "excluded_lines": 0}, "missing_lines": [], "excluded_lines": []}}}, "app/core/permissions.py": {"executed_lines": [2, 4, 5, 7, 8, 10, 11, 12, 13, 14, 15, 17, 18, 20, 21, 22, 24, 25, 27, 28, 33, 36, 37, 38], "summary": {"covered_lines": 24, "num_statements": 24, "percent_covered": 100.0, "percent_covered_display": "100", "missing_lines": 0, "excluded_lines": 0}, "missing_lines": [], "excluded_lines": [], "functions": {"get_member_service": {"executed_lines": [18], "summary": {"covered_lines": 1, "num_statements": 1, "percent_covered": 100.0, "percent_covered_display": "100", "missing_lines": 0, "excluded_lines": 0}, "missing_lines": [], "excluded_lines": []}, "ClubPermissionChecker.__init__": {"executed_lines": [22], "summary": {"covered_lines": 1, "num_statements": 1, "percent_covered": 100.0, "percent_covered_display": "100", "missing_lines": 0, "excluded_lines": 0}, "missing_lines": [], "excluded_lines": []}, "ClubPermissionChecker.__call__": {"executed_lines": [25, 27, 28, 33], "summary": {"covered_lines": 4, "num_statements": 4, "percent_covered": 100.0, "percent_covered_display": "100", "missing_lines": 0, "excluded_lines": 0}, "missing_lines": [], "excluded_lines": []}, "": {"executed_lines": [2, 4, 5, 7, 8, 10, 11, 12, 13, 14, 15, 17, 20, 21, 24, 36, 37, 38], "summary": {"covered_lines": 18, "num_statements": 18, "percent_covered": 100.0, "percent_covered_display": "100", "missing_lines": 0, "excluded_lines": 0}, "missing_lines": [], "excluded_lines": []}}, "classes": {"ClubPermissionChecker": {"executed_lines": [22, 25, 27, 28, 33], "summary": {"covered_lines": 5, "num_statements": 5, "percent_covered": 100.0, "percent_covered_display": "100", "missing_lines": 0, "excluded_lines": 0}, "missing_lines": [], "excluded_lines": []}, "": {"executed_lines": [2, 4, 5, 7, 8, 10, 11, 12, 13, 14, 15, 17, 18, 20, 21, 24, 36, 37, 38], "summary": {"covered_lines": 19, "num_statements": 19, "percent_covered": 100.0, "percent_covered_display": "100", "missing_lines": 0, "excluded_lines": 0}, "missing_lines": [], "excluded_lines": []}}}, "app/core/security.py": {"executed_lines": [1, 2, 3, 4, 5, 6, 7, 8, 9, 10, 11, 14, 15, 16, 17, 19, 20, 21, 22, 23, 25, 26, 27, 28, 30, 31, 33, 36, 38, 39, 40, 42, 43, 44, 45, 46, 47, 49, 50, 52, 56, 57, 58, 60, 61, 67, 68, 75, 76, 78, 82, 86, 87, 89, 90, 92, 95, 96, 97, 105, 106, 110, 114, 118, 126], "summary": {"covered_lines": 65, "num_statements": 70, "percent_covered": 92.85714285714286, "percent_covered_display": "93", "missing_lines": 5, "excluded_lines": 0}, "missing_lines": [34, 69, 77, 93, 122], "excluded_lines": [], "functions": {"hash_password": {"executed_lines": [20, 21, 22, 23], "summary": {"covered_lines": 4, "num_statements": 4, "percent_covered": 100.0, "percent_covered_display": "100", "missing_lines": 0, "excluded_lines": 0}, "missing_lines": [], "excluded_lines": []}, "verify_password": {"executed_lines": [26, 27, 28], "summary": {"covered_lines": 3, "num_statements": 3, "percent_covered": 100.0, "percent_covered_display": "100", "missing_lines": 0, "excluded_lines": 0}, "missing_lines": [], "excluded_lines": []}, "create_access_token": {"executed_lines": [31, 33, 36, 38, 39, 40], "summary": {"covered_lines": 6, "num_statements": 7, "percent_covered": 85.71428571428571, "percent_covered_display": "86", "missing_lines": 1, "excluded_lines": 0}, "missing_lines": [34], "excluded_lines": []}, "decode_access_token": {"executed_lines": [43, 44, 45, 46, 47], "summary": {"covered_lines": 5, "num_statements": 5, "percent_covered": 100.0, "percent_covered_display": "100", "missing_lines": 0, "excluded_lines": 0}, "missing_lines": [], "excluded_lines": []}, "get_current_user": {"executed_lines": [56, 57, 58, 60, 61, 67, 68, 75, 76, 78], "summary": {"covered_lines": 10, "num_statements": 12, "percent_covered": 83.33333333333333, "percent_covered_display": "83", "missing_lines": 2, "excluded_lines": 0}, "missing_lines": [69, 77], "excluded_lines": []}, "get_optional_current_user": {"executed_lines": [86, 87, 89, 90, 92, 95, 96, 97], "summary": {"covered_lines": 8, "num_statements": 9, "percent_covered": 88.88888888888889, "percent_covered_display": "89", "missing_lines": 1, "excluded_lines": 0}, "missing_lines": [93], "excluded_lines": []}, "get_club_member": {"executed_lines": [106, 110, 114, 118, 126], "summary": {"covered_lines": 5, "num_statements": 6, "percent_covered": 83.33333333333333, "percent_covered_display": "83", "missing_lines": 1, "excluded_lines": 0}, "missing_lines": [122], "excluded_lines": []}, "": {"executed_lines": [1, 2, 3, 4, 5, 6, 7, 8, 9, 10, 11, 14, 15, 16, 17, 19, 25, 30, 42, 49, 50, 52, 82, 105], "summary": {"covered_lines": 24, "num_statements": 24, "percent_covered": 100.0, "percent_covered_display": "100", "missing_lines": 0, "excluded_lines": 0}, "missing_lines": [], "excluded_lines": []}}, "classes": {"": {"executed_lines": [1, 2, 3, 4, 5, 6, 7, 8, 9, 10, 11, 14, 15, 16, 17, 19, 20, 21, 22, 23, 25, 26, 27, 28, 30, 31, 33, 36, 38, 39, 40, 42, 43, 44, 45, 46, 47, 49, 50, 52, 56, 57, 58, 60, 61, 67, 68, 75, 76, 78, 82, 86, 87, 89, 90, 92, 95, 96, 97, 105, 106, 110, 114, 118, 126], "summary": {"covered_lines": 65, "num_statements": 70, "percent_covered": 92.85714285714286, "percent_covered_display": "93", "missing_lines": 5, "excluded_lines": 0}, "missing_lines": [34, 69, 77, 93, 122], "excluded_lines": []}}}, "app/db/__init__.py": {"executed_lines": [0], "summary": {"covered_lines": 0, "num_statements": 0, "percent_covered": 100.0, "percent_covered_display": "100", "missing_lines": 0, "excluded_lines": 0}, "missing_lines": [], "excluded_lines": [], "functions": {"": {"executed_lines": [], "summary": {"covered_lines": 0, "num_statements": 0, "percent_covered": 100.0, "percent_covered_display": "100", "missing_lines": 0, "excluded_lines": 0}, "missing_lines": [], "excluded_lines": []}}, "classes": {"": {"executed_lines": [], "summary": {"covered_lines": 0, "num_statements": 0, "percent_covered": 100.0, "percent_covered_display": "100", "missing_lines": 0, "excluded_lines": 0}, "missing_lines": [], "excluded_lines": []}}}, "app/db/session.py": {"executed_lines": [1, 2, 3, 6, 9, 11], "summary": {"covered_lines": 6, "num_statements": 8, "percent_covered": 75.0, "percent_covered_display": "75", "missing_lines": 2, "excluded_lines": 0}, "missing_lines": [18, 19], "excluded_lines": [], "functions": {"get_session": {"executed_lines": [], "summary": {"covered_lines": 0, "num_statements": 2, "percent_covered": 0.0, "percent_covered_display": "0", "missing_lines": 2, "excluded_lines": 0}, "missing_lines": [18, 19], "excluded_lines": []}, "": {"executed_lines": [1, 2, 3, 6, 9, 11], "summary": {"covered_lines": 6, "num_statements": 6, "percent_covered": 100.0, "percent_covered_display": "100", "missing_lines": 0, "excluded_lines": 0}, "missing_lines": [], "excluded_lines": []}}, "classes": {"": {"executed_lines": [1, 2, 3, 6, 9, 11], "summary": {"covered_lines": 6, "num_statements": 8, "percent_covered": 75.0, "percent_covered_display": "75", "missing_lines": 2, "excluded_lines": 0}, "missing_lines": [18, 19], "excluded_lines": []}}}, "app/main.py": {"executed_lines": [1, 2, 3, 4, 5, 6, 7, 8, 9, 10, 11, 13, 16, 19, 31, 32, 34, 35, 36, 39, 42, 74, 77, 79, 88, 101, 104, 106, 107], "summary": {"covered_lines": 29, "num_statements": 53, "percent_covered": 54.716981132075475, "percent_covered_display": "55", "missing_lines": 24, "excluded_lines": 0}, "missing_lines": [45, 46, 49, 54, 58, 59, 60, 61, 64, 65, 66, 67, 68, 70, 71, 89, 90, 91, 92, 94, 95, 96, 98, 108], "excluded_lines": [], "functions": {"is_allowed_origin": {"executed_lines": [], "summary": {"covered_lines": 0, "num_statements": 15, "percent_covered": 0.0, "percent_covered_display": "0", "missing_lines": 15, "excluded_lines": 0}, "missing_lines": [45, 46, 49, 54, 58, 59, 60, 61, 64, 65, 66, 67, 68, 70, 71], "excluded_lines": []}, "CORSValidationMiddleware.dispatch": {"executed_lines": [], "summary": {"covered_lines": 0, "num_statements": 5, "percent_covered": 0.0, "percent_covered_display": "0", "missing_lines": 5, "excluded_lines": 0}, "missing_lines": [91, 92, 94, 95, 96], "excluded_lines": []}, "read_root": {"executed_lines": [], "summary": {"covered_lines": 0, "num_statements": 1, "percent_covered": 0.0, "percent_covered_display": "0", "missing_lines": 1, "excluded_lines": 0}, "missing_lines": [108], "excluded_lines": []}, "": {"executed_lines": [1, 2, 3, 4, 5, 6, 7, 8, 9, 10, 11, 13, 16, 19, 31, 32, 34, 35, 36, 39, 42, 74, 77, 79, 88, 101, 104, 106, 107], "summary": {"covered_lines": 29, "num_statements": 32, "percent_covered": 90.625, "percent_covered_display": "91", "missing_lines": 3, "excluded_lines": 0}, "missing_lines": [89, 90, 98], "excluded_lines": []}}, "classes": {"CORSValidationMiddleware": {"executed_lines": [], "summary": {"covered_lines": 0, "num_statements": 5, "percent_covered": 0.0, "percent_covered_display": "0", "missing_lines": 5, "excluded_lines": 0}, "missing_lines": [91, 92, 94, 95, 96], "excluded_lines": []}, "": {"executed_lines": [1, 2, 3, 4, 5, 6, 7, 8, 9, 10, 11, 13, 16, 19, 31, 32, 34, 35, 36, 39, 42, 74, 77, 79, 88, 101, 104, 106, 107], "summary": {"covered_lines": 29, "num_statements": 48, "percent_covered": 60.416666666666664, "percent_covered_display": "60", "missing_lines": 19, "excluded_lines": 0}, "missing_lines": [45, 46, 49, 54, 58, 59, 60, 61, 64, 65, 66, 67, 68, 70, 71, 89, 90, 98, 108], "excluded_lines": []}}}, "app/models/__init__.py": {"executed_lines": [1, 2, 3, 4, 5, 6, 7, 8, 9], "summary": {"covered_lines": 9, "num_statements": 9, "percent_covered": 100.0, "percent_covered_display": "100", "missing_lines": 0, "excluded_lines": 0}, "missing_lines": [], "excluded_lines": [], "functions": {"": {"executed_lines": [1, 2, 3, 4, 5, 6, 7, 8, 9], "summary": {"covered_lines": 9, "num_statements": 9, "percent_covered": 100.0, "percent_covered_display": "100", "missing_lines": 0, "excluded_lines": 0}, "missing_lines": [], "excluded_lines": []}}, "classes": {"": {"executed_lines": [1, 2, 3, 4, 5, 6, 7, 8, 9], "summary": {"covered_lines": 9, "num_statements": 9, "percent_covered": 100.0, "percent_covered_display": "100", "missing_lines": 0, "excluded_lines": 0}, "missing_lines": [], "excluded_lines": []}}}, "app/models/book_club.py": {"executed_lines": [1, 2, 3, 4, 5, 8, 10, 15, 17, 18, 19, 21, 22, 23, 24, 25, 26, 28, 29, 30, 33, 34, 35, 36, 37, 42, 43, 44, 45, 46, 47, 48, 50, 51, 52, 53, 55, 57, 59, 60, 61, 62, 64, 66, 67, 68, 69, 71, 74, 75, 76, 77, 78, 79, 80, 81, 82, 83], "summary": {"covered_lines": 55, "num_statements": 59, "percent_covered": 93.22033898305085, "percent_covered_display": "93", "missing_lines": 4, "excluded_lines": 3}, "missing_lines": [54, 56, 63, 70], "excluded_lines": [10, 11, 12], "functions": {"BookClubCreate.validate_name_length": {"executed_lines": [53, 55, 57], "summary": {"covered_lines": 3, "num_statements": 5, "percent_covered": 60.0, "percent_covered_display": "60", "missing_lines": 2, "excluded_lines": 0}, "missing_lines": [54, 56], "excluded_lines": []}, "BookClubCreate.validate_description_length": {"executed_lines": [62, 64], "summary": {"covered_lines": 2, "num_statements": 3, "percent_covered": 66.66666666666667, "percent_covered_display": "67", "missing_lines": 1, "excluded_lines": 0}, "missing_lines": [63], "excluded_lines": []}, "BookClubCreate.validate_tag_ids": {"executed_lines": [69, 71], "summary": {"covered_lines": 2, "num_statements": 3, "percent_covered": 66.66666666666667, "percent_covered_display": "67", "missing_lines": 1, "excluded_lines": 0}, "missing_lines": [70], "excluded_lines": []}, "": {"executed_lines": [1, 2, 3, 4, 5, 8, 10, 15, 17, 18, 19, 21, 22, 23, 24, 25, 26, 28, 29, 30, 33, 34, 35, 36, 37, 42, 43, 44, 45, 46, 47, 48, 50, 51, 52, 59, 60, 61, 66, 67, 68, 74, 75, 76, 77, 78, 79, 80, 81, 82, 83], "summary": {"covered_lines": 48, "num_statements": 48, "percent_covered": 100.0, "percent_covered_display": "100", "missing_lines": 0, "excluded_lines": 3}, "missing_lines": [], "excluded_lines": [10, 11, 12]}}, "classes": {"BookClubVisibility": {"executed_lines": [], "summary": {"covered_lines": 0, "num_statements": 0, "percent_covered": 100.0, "percent_covered_display": "100", "missing_lines": 0, "excluded_lines": 0}, "missing_lines": [], "excluded_lines": []}, "BookClub": {"executed_lines": [], "summary": {"covered_lines": 0, "num_statements": 0, "percent_covered": 100.0, "percent_covered_display": "100", "missing_lines": 0, "excluded_lines": 0}, "missing_lines": [], "excluded_lines": []}, "BookClubCreate": {"executed_lines": [53, 55, 57, 62, 64, 69, 71], "summary": {"covered_lines": 7, "num_statements": 11, "percent_covered": 63.63636363636363, "percent_covered_display": "64", "missing_lines": 4, "excluded_lines": 0}, "missing_lines": [54, 56, 63, 70], "excluded_lines": []}, "BookClubRead": {"executed_lines": [], "summary": {"covered_lines": 0, "num_statements": 0, "percent_covered": 100.0, "percent_covered_display": "100", "missing_lines": 0, "excluded_lines": 0}, "missing_lines": [], "excluded_lines": []}, "": {"executed_lines": [1, 2, 3, 4, 5, 8, 10, 15, 17, 18, 19, 21, 22, 23, 24, 25, 26, 28, 29, 30, 33, 34, 35, 36, 37, 42, 43, 44, 45, 46, 47, 48, 50, 51, 52, 59, 60, 61, 66, 67, 68, 74, 75, 76, 77, 78, 79, 80, 81, 82, 83], "summary": {"covered_lines": 48, "num_statements": 48, "percent_covered": 100.0, "percent_covered_display": "100", "missing_lines": 0, "excluded_lines": 3}, "missing_lines": [], "excluded_lines": [10, 11, 12]}}}, "app/models/book_club_member.py": {"executed_lines": [1, 2, 3, 6, 7, 9, 10, 11, 12, 14, 15, 16, 17, 18, 19, 21, 22, 23, 24, 27, 28], "summary": {"covered_lines": 21, "num_statements": 21, "percent_covered": 100.0, "percent_covered_display": "100", "missing_lines": 0, "excluded_lines": 0}, "missing_lines": [], "excluded_lines": [], "functions": {"": {"executed_lines": [1, 2, 3, 6, 7, 9, 10, 11, 12, 14, 15, 16, 17, 18, 19, 21, 22, 23, 24, 27, 28], "summary": {"covered_lines": 21, "num_statements": 21, "percent_covered": 100.0, "percent_covered_display": "100", "missing_lines": 0, "excluded_lines": 0}, "missing_lines": [], "excluded_lines": []}}, "classes": {"MemberRole": {"executed_lines": [], "summary": {"covered_lines": 0, "num_statements": 0, "percent_covered": 100.0, "percent_covered_display": "100", "missing_lines": 0, "excluded_lines": 0}, "missing_lines": [], "excluded_lines": []}, "MembershipStatus": {"executed_lines": [], "summary": {"covered_lines": 0, "num_statements": 0, "percent_covered": 100.0, "percent_covered_display": "100", "missing_lines": 0, "excluded_lines": 0}, "missing_lines": [], "excluded_lines": []}, "BookClubMember": {"executed_lines": [], "summary": {"covered_lines": 0, "num_statements": 0, "percent_covered": 100.0, "percent_covered_display": "100", "missing_lines": 0, "excluded_lines": 0}, "missing_lines": [], "excluded_lines": []}, "": {"executed_lines": [1, 2, 3, 6, 7, 9, 10, 11, 12, 14, 15, 16, 17, 18, 19, 21, 22, 23, 24, 27, 28], "summary": {"covered_lines": 21, "num_statements": 21, "percent_covered": 100.0, "percent_covered_display": "100", "missing_lines": 0, "excluded_lines": 0}, "missing_lines": [], "excluded_lines": []}}}, "app/models/club_join_request.py": {"executed_lines": [2, 3, 4, 5, 7, 11, 12, 13, 14, 16, 17, 18, 20, 21, 23, 24, 27, 28], "summary": {"covered_lines": 17, "num_statements": 17, "percent_covered": 100.0, "percent_covered_display": "100", "missing_lines": 0, "excluded_lines": 3}, "missing_lines": [], "excluded_lines": [7, 8, 9], "functions": {"": {"executed_lines": [2, 3, 4, 5, 7, 11, 12, 13, 14, 16, 17, 18, 20, 21, 23, 24, 27, 28], "summary": {"covered_lines": 17, "num_statements": 17, "percent_covered": 100.0, "percent_covered_display": "100", "missing_lines": 0, "excluded_lines": 3}, "missing_lines": [], "excluded_lines": [7, 8, 9]}}, "classes": {"JoinRequestStatus": {"executed_lines": [], "summary": {"covered_lines": 0, "num_statements": 0, "percent_covered": 100.0, "percent_covered_display": "100", "missing_lines": 0, "excluded_lines": 0}, "missing_lines": [], "excluded_lines": []}, "ClubJoinRequest": {"executed_lines": [], "summary": {"covered_lines": 0, "num_statements": 0, "percent_covered": 100.0, "percent_covered_display": "100", "missing_lines": 0, "excluded_lines": 0}, "missing_lines": [], "excluded_lines": []}, "": {"executed_lines": [2, 3, 4, 5, 7, 11, 12, 13, 14, 16, 17, 18, 20, 21, 23, 24, 27, 28], "summary": {"covered_lines": 17, "num_statements": 17, "percent_covered": 100.0, "percent_covered_display": "100", "missing_lines": 0, "excluded_lines": 3}, "missing_lines": [], "excluded_lines": [7, 8, 9]}}}, "app/models/club_tag.py": {"executed_lines": [2, 3, 5, 7, 11, 12, 13, 14, 15, 18, 19, 20, 21, 22, 23, 25, 30, 31, 32, 33, 34, 37, 38, 39], "summary": {"covered_lines": 19, "num_statements": 19, "percent_covered": 100.0, "percent_covered_display": "100", "missing_lines": 0, "excluded_lines": 2}, "missing_lines": [], "excluded_lines": [7, 8], "functions": {"": {"executed_lines": [2, 3, 5, 7, 11, 12, 13, 14, 15, 18, 19, 20, 21, 22, 23, 25, 30, 31, 32, 33, 34, 37, 38, 39], "summary": {"covered_lines": 19, "num_statements": 19, "percent_covered": 100.0, "percent_covered_display": "100", "missing_lines": 0, "excluded_lines": 2}, "missing_lines": [], "excluded_lines": [7, 8]}}, "classes": {"BookClubTagLink": {"executed_lines": [], "summary": {"covered_lines": 0, "num_statements": 0, "percent_covered": 100.0, "percent_covered_display": "100", "missing_lines": 0, "excluded_lines": 0}, "missing_lines": [], "excluded_lines": []}, "ClubTag": {"executed_lines": [], "summary": {"covered_lines": 0, "num_statements": 0, "percent_covered": 100.0, "percent_covered_display": "100", "missing_lines": 0, "excluded_lines": 0}, "missing_lines": [], "excluded_lines": []}, "ClubTagRead": {"executed_lines": [], "summary": {"covered_lines": 0, "num_statements": 0, "percent_covered": 100.0, "percent_covered_display": "100", "missing_lines": 0, "excluded_lines": 0}, "missing_lines": [], "excluded_lines": []}, "ClubTagCreate": {"executed_lines": [], "summary": {"covered_lines": 0, "num_statements": 0, "percent_covered": 100.0, "percent_covered_display": "100", "missing_lines": 0, "excluded_lines": 0}, "missing_lines": [], "excluded_lines": []}, "": {"executed_lines": [2, 3, 5, 7, 11, 12, 13, 14, 15, 18, 19, 20, 21, 22, 23, 25, 30, 31, 32, 33, 34, 37, 38, 39], "summary": {"covered_lines": 19, "num_statements": 19, "percent_covered": 100.0, "percent_covered_display": "100", "missing_lines": 0, "excluded_lines": 2}, "missing_lines": [], "excluded_lines": [7, 8]}}}, "app/models/discussion.py": {"executed_lines": [1, 2, 3, 4, 6, 7, 8, 10, 12, 13, 14, 15, 16, 18, 19, 20, 22, 23, 25, 26, 27, 28, 29, 31, 32], "summary": {"covered_lines": 25, "num_statements": 25, "percent_covered": 100.0, "percent_covered_display": "100", "missing_lines": 0, "excluded_lines": 0}, "missing_lines": [], "excluded_lines": [], "functions": {"": {"executed_lines": [1, 2, 3, 4, 6, 7, 8, 10, 12, 13, 14, 15, 16, 18, 19, 20, 22, 23, 25, 26, 27, 28, 29, 31, 32], "summary": {"covered_lines": 25, "num_statements": 25, "percent_covered": 100.0, "percent_covered_display": "100", "missing_lines": 0, "excluded_lines": 0}, "missing_lines": [], "excluded_lines": []}}, "classes": {"DiscussionTopicBase": {"executed_lines": [], "summary": {"covered_lines": 0, "num_statements": 0, "percent_covered": 100.0, "percent_covered_display": "100", "missing_lines": 0, "excluded_lines": 0}, "missing_lines": [], "excluded_lines": []}, "DiscussionTopic": {"executed_lines": [], "summary": {"covered_lines": 0, "num_statements": 0, "percent_covered": 100.0, "percent_covered_display": "100", "missing_lines": 0, "excluded_lines": 0}, "missing_lines": [], "excluded_lines": []}, "DiscussionCommentBase": {"executed_lines": [], "summary": {"covered_lines": 0, "num_statements": 0, "percent_covered": 100.0, "percent_covered_display": "100", "missing_lines": 0, "excluded_lines": 0}, "missing_lines": [], "excluded_lines": []}, "DiscussionComment": {"executed_lines": [], "summary": {"covered_lines": 0, "num_statements": 0, "percent_covered": 100.0, "percent_covered_display": "100", "missing_lines": 0, "excluded_lines": 0}, "missing_lines": [], "excluded_lines": []}, "": {"executed_lines": [1, 2, 3, 4, 6, 7, 8, 10, 12, 13, 14, 15, 16, 18, 19, 20, 22, 23, 25, 26, 27, 28, 29, 31, 32], "summary": {"covered_lines": 25, "num_statements": 25, "percent_covered": 100.0, "percent_covered_display": "100", "missing_lines": 0, "excluded_lines": 0}, "missing_lines": [], "excluded_lines": []}}}, "app/models/event.py": {"executed_lines": [1, 2, 3, 4, 5, 7, 12, 14, 15, 16, 17, 18, 20, 21, 22, 24, 25, 26, 27, 28, 29, 30, 31, 32, 33, 34, 36, 37, 40, 41, 42, 45, 46, 47, 48, 49, 50, 53, 54, 59, 60, 61, 63, 64, 65, 66, 67, 68, 70, 71, 72, 73, 75, 77, 79, 80, 81, 82, 84, 86, 89, 90, 91, 93, 94, 95, 96, 97, 98, 99, 100, 101, 102, 103, 106, 108, 109, 111, 114, 115, 117, 118, 121, 122, 123, 125, 126, 127, 128, 129, 130, 133, 134, 135, 137, 138, 139, 142, 143, 144, 146, 147, 148, 149, 150, 151, 152, 153, 154, 155, 156, 158, 159, 161, 163, 164, 165, 166, 169, 170, 171, 173, 174, 175, 176, 177, 178, 179, 180, 181, 182, 183, 184, 185, 187, 188, 190, 192, 193, 194, 195, 198, 199, 200, 202, 203, 204, 205, 208, 209, 210, 211], "summary": {"covered_lines": 141, "num_statements": 148, "percent_covered": 95.27027027027027, "percent_covered_display": "95", "missing_lines": 7, "excluded_lines": 3}, "missing_lines": [74, 76, 83, 85, 112, 162, 191], "excluded_lines": [7, 8, 9], "functions": {"EventCreate.validate_title": {"executed_lines": [73, 75, 77], "summary": {"covered_lines": 3, "num_statements": 5, "percent_covered": 60.0, "percent_covered_display": "60", "missing_lines": 2, "excluded_lines": 0}, "missing_lines": [74, 76], "excluded_lines": []}, "EventCreate.validate_description": {"executed_lines": [82, 84, 86], "summary": {"covered_lines": 3, "num_statements": 5, "percent_covered": 60.0, "percent_covered_display": "60", "missing_lines": 2, "excluded_lines": 0}, "missing_lines": [83, 85], "excluded_lines": []}, "EventRead.serialize_datetime": {"executed_lines": [111, 114, 115, 117, 118], "summary": {"covered_lines": 5, "num_statements": 6, "percent_covered": 83.33333333333333, "percent_covered_display": "83", "missing_lines": 1, "excluded_lines": 0}, "missing_lines": [112], "excluded_lines": []}, "EventListItem.serialize_datetime": {"executed_lines": [161, 163, 164, 165, 166], "summary": {"covered_lines": 5, "num_statements": 6, "percent_covered": 83.33333333333333, "percent_covered_display": "83", "missing_lines": 1, "excluded_lines": 0}, "missing_lines": [162], "excluded_lines": []}, "EventDetail.serialize_datetime": {"executed_lines": [190, 192, 193, 194, 195], "summary": {"covered_lines": 5, "num_statements": 6, "percent_covered": 83.33333333333333, "percent_covered_display": "83", "missing_lines": 1, "excluded_lines": 0}, "missing_lines": [191], "excluded_lines": []}, "": {"executed_lines": [1, 2, 3, 4, 5, 7, 12, 14, 15, 16, 17, 18, 20, 21, 22, 24, 25, 26, 27, 28, 29, 30, 31, 32, 33, 34, 36, 37, 40, 41, 42, 45, 46, 47, 48, 49, 50, 53, 54, 59, 60, 61, 63, 64, 65, 66, 67, 68, 70, 71, 72, 79, 80, 81, 89, 90, 91, 93, 94, 95, 96, 97, 98, 99, 100, 101, 102, 103, 106, 108, 109, 121, 122, 123, 125, 126, 127, 128, 129, 130, 133, 134, 135, 137, 138, 139, 142, 143, 144, 146, 147, 148, 149, 150, 151, 152, 153, 154, 155, 156, 158, 159, 169, 170, 171, 173, 174, 175, 176, 177, 178, 179, 180, 181, 182, 183, 184, 185, 187, 188, 198, 199, 200, 202, 203, 204, 205, 208, 209, 210, 211], "summary": {"covered_lines": 120, "num_statements": 120, "percent_covered": 100.0, "percent_covered_display": "100", "missing_lines": 0, "excluded_lines": 3}, "missing_lines": [], "excluded_lines": [7, 8, 9]}}, "classes": {"EventStatus": {"executed_lines": [], "summary": {"covered_lines": 0, "num_statements": 0, "percent_covered": 100.0, "percent_covered_display": "100", "missing_lines": 0, "excluded_lines": 0}, "missing_lines": [], "excluded_lines": []}, "ParticipantStatus": {"executed_lines": [], "summary": {"covered_lines": 0, "num_statements": 0, "percent_covered": 100.0, "percent_covered_display": "100", "missing_lines": 0, "excluded_lines": 0}, "missing_lines": [], "excluded_lines": []}, "Event": {"executed_lines": [], "summary": {"covered_lines": 0, "num_statements": 0, "percent_covered": 100.0, "percent_covered_display": "100", "missing_lines": 0, "excluded_lines": 0}, "missing_lines": [], "excluded_lines": []}, "EventParticipant": {"executed_lines": [], "summary": {"covered_lines": 0, "num_statements": 0, "percent_covered": 100.0, "percent_covered_display": "100", "missing_lines": 0, "excluded_lines": 0}, "missing_lines": [], "excluded_lines": []}, "EventCreate": {"executed_lines": [73, 75, 77, 82, 84, 86], "summary": {"covered_lines": 6, "num_statements": 10, "percent_covered": 60.0, "percent_covered_display": "60", "missing_lines": 4, "excluded_lines": 0}, "missing_lines": [74, 76, 83, 85], "excluded_lines": []}, "EventRead": {"executed_lines": [111, 114, 115, 117, 118], "summary": {"covered_lines": 5, "num_statements": 6, "percent_covered": 83.33333333333333, "percent_covered_display": "83", "missing_lines": 1, "excluded_lines": 0}, "missing_lines": [112], "excluded_lines": []}, "EventUpdate": {"executed_lines": [], "summary": {"covered_lines": 0, "num_statements": 0, "percent_covered": 100.0, "percent_covered_display": "100", "missing_lines": 0, "excluded_lines": 0}, "missing_lines": [], "excluded_lines": []}, "OrganizerInfo": {"executed_lines": [], "summary": {"covered_lines": 0, "num_statements": 0, "percent_covered": 100.0, "percent_covered_display": "100", "missing_lines": 0, "excluded_lines": 0}, "missing_lines": [], "excluded_lines": []}, "EventListItem": {"executed_lines": [161, 163, 164, 165, 166], "summary": {"covered_lines": 5, "num_statements": 6, "percent_covered": 83.33333333333333, "percent_covered_display": "83", "missing_lines": 1, "excluded_lines": 0}, "missing_lines": [162], "excluded_lines": []}, "EventDetail": {"executed_lines": [190, 192, 193, 194, 195], "summary": {"covered_lines": 5, "num_statements": 6, "percent_covered": 83.33333333333333, "percent_covered_display": "83", "missing_lines": 1, "excluded_lines": 0}, "missing_lines": [191], "excluded_lines": []}, "PaginationMetadata": {"executed_lines": [], "summary": {"covered_lines": 0, "num_statements": 0, "percent_covered": 100.0, "percent_covered_display": "100", "missing_lines": 0, "excluded_lines": 0}, "missing_lines": [], "excluded_lines": []}, "EventListResponse": {"executed_lines": [], "summary": {"covered_lines": 0, "num_statements": 0, "percent_covered": 100.0, "percent_covered_display": "100", "missing_lines": 0, "excluded_lines": 0}, "missing_lines": [], "excluded_lines": []}, "": {"executed_lines": [1, 2, 3, 4, 5, 7, 12, 14, 15, 16, 17, 18, 20, 21, 22, 24, 25, 26, 27, 28, 29, 30, 31, 32, 33, 34, 36, 37, 40, 41, 42, 45, 46, 47, 48, 49, 50, 53, 54, 59, 60, 61, 63, 64, 65, 66, 67, 68, 70, 71, 72, 79, 80, 81, 89, 90, 91, 93, 94, 95, 96, 97, 98, 99, 100, 101, 102, 103, 106, 108, 109, 121, 122, 123, 125, 126, 127, 128, 129, 130, 133, 134, 135, 137, 138, 139, 142, 143, 144, 146, 147, 148, 149, 150, 151, 152, 153, 154, 155, 156, 158, 159, 169, 170, 171, 173, 174, 175, 176, 177, 178, 179, 180, 181, 182, 183, 184, 185, 187, 188, 198, 199, 200, 202, 203, 204, 205, 208, 209, 210, 211], "summary": {"covered_lines": 120, "num_statements": 120, "percent_covered": 100.0, "percent_covered_display": "100", "missing_lines": 0, "excluded_lines": 3}, "missing_lines": [], "excluded_lines": [7, 8, 9]}}}, "app/models/interest_tag.py": {"executed_lines": [2, 3, 5, 7, 11, 12, 13, 14, 15, 18, 19, 20, 21, 22, 24, 27, 28, 29, 30, 31, 34, 35, 36, 39, 40, 41], "summary": {"covered_lines": 21, "num_statements": 21, "percent_covered": 100.0, "percent_covered_display": "100", "missing_lines": 0, "excluded_lines": 2}, "missing_lines": [], "excluded_lines": [7, 8], "functions": {"": {"executed_lines": [2, 3, 5, 7, 11, 12, 13, 14, 15, 18, 19, 20, 21, 22, 24, 27, 28, 29, 30, 31, 34, 35, 36, 39, 40, 41], "summary": {"covered_lines": 21, "num_statements": 21, "percent_covered": 100.0, "percent_covered_display": "100", "missing_lines": 0, "excluded_lines": 2}, "missing_lines": [], "excluded_lines": [7, 8]}}, "classes": {"UserInterestTag": {"executed_lines": [], "summary": {"covered_lines": 0, "num_statements": 0, "percent_covered": 100.0, "percent_covered_display": "100", "missing_lines": 0, "excluded_lines": 0}, "missing_lines": [], "excluded_lines": []}, "InterestTag": {"executed_lines": [], "summary": {"covered_lines": 0, "num_statements": 0, "percent_covered": 100.0, "percent_covered_display": "100", "missing_lines": 0, "excluded_lines": 0}, "missing_lines": [], "excluded_lines": []}, "InterestTagRead": {"executed_lines": [], "summary": {"covered_lines": 0, "num_statements": 0, "percent_covered": 100.0, "percent_covered_display": "100", "missing_lines": 0, "excluded_lines": 0}, "missing_lines": [], "excluded_lines": []}, "InterestTagCreate": {"executed_lines": [], "summary": {"covered_lines": 0, "num_statements": 0, "percent_covered": 100.0, "percent_covered_display": "100", "missing_lines": 0, "excluded_lines": 0}, "missing_lines": [], "excluded_lines": []}, "UserInterestTagCreate": {"executed_lines": [], "summary": {"covered_lines": 0, "num_statements": 0, "percent_covered": 100.0, "percent_covered_display": "100", "missing_lines": 0, "excluded_lines": 0}, "missing_lines": [], "excluded_lines": []}, "": {"executed_lines": [2, 3, 5, 7, 11, 12, 13, 14, 15, 18, 19, 20, 21, 22, 24, 27, 28, 29, 30, 31, 34, 35, 36, 39, 40, 41], "summary": {"covered_lines": 21, "num_statements": 21, "percent_covered": 100.0, "percent_covered_display": "100", "missing_lines": 0, "excluded_lines": 2}, "missing_lines": [], "excluded_lines": [7, 8]}}}, "app/models/notification.py": {"executed_lines": [1, 2, 3, 4, 7, 9, 10, 11, 12, 14, 15, 16, 17, 18, 19, 21, 22], "summary": {"covered_lines": 17, "num_statements": 17, "percent_covered": 100.0, "percent_covered_display": "100", "missing_lines": 0, "excluded_lines": 0}, "missing_lines": [], "excluded_lines": [], "functions": {"": {"executed_lines": [1, 2, 3, 4, 7, 9, 10, 11, 12, 14, 15, 16, 17, 18, 19, 21, 22], "summary": {"covered_lines": 17, "num_statements": 17, "percent_covered": 100.0, "percent_covered_display": "100", "missing_lines": 0, "excluded_lines": 0}, "missing_lines": [], "excluded_lines": []}}, "classes": {"NotificationType": {"executed_lines": [], "summary": {"covered_lines": 0, "num_statements": 0, "percent_covered": 100.0, "percent_covered_display": "100", "missing_lines": 0, "excluded_lines": 0}, "missing_lines": [], "excluded_lines": []}, "Notification": {"executed_lines": [], "summary": {"covered_lines": 0, "num_statements": 0, "percent_covered": 100.0, "percent_covered_display": "100", "missing_lines": 0, "excluded_lines": 0}, "missing_lines": [], "excluded_lines": []}, "": {"executed_lines": [1, 2, 3, 4, 7, 9, 10, 11, 12, 14, 15, 16, 17, 18, 19, 21, 22], "summary": {"covered_lines": 17, "num_statements": 17, "percent_covered": 100.0, "percent_covered_display": "100", "missing_lines": 0, "excluded_lines": 0}, "missing_lines": [], "excluded_lines": []}}}, "app/models/password_reset.py": {"executed_lines": [1, 2, 3, 4, 6, 7, 8, 10, 11, 12, 13, 14, 15, 16, 23, 24, 25, 28, 29, 30, 33, 34, 35, 36, 39, 40, 41, 44, 45, 46, 47], "summary": {"covered_lines": 25, "num_statements": 25, "percent_covered": 100.0, "percent_covered_display": "100", "missing_lines": 0, "excluded_lines": 0}, "missing_lines": [], "excluded_lines": [], "functions": {"": {"executed_lines": [1, 2, 3, 4, 6, 7, 8, 10, 11, 12, 13, 14, 15, 16, 23, 24, 25, 28, 29, 30, 33, 34, 35, 36, 39, 40, 41, 44, 45, 46, 47], "summary": {"covered_lines": 25, "num_statements": 25, "percent_covered": 100.0, "percent_covered_display": "100", "missing_lines": 0, "excluded_lines": 0}, "missing_lines": [], "excluded_lines": []}}, "classes": {"PasswordResetToken": {"executed_lines": [], "summary": {"covered_lines": 0, "num_statements": 0, "percent_covered": 100.0, "percent_covered_display": "100", "missing_lines": 0, "excluded_lines": 0}, "missing_lines": [], "excluded_lines": []}, "ForgotPasswordRequest": {"executed_lines": [], "summary": {"covered_lines": 0, "num_statements": 0, "percent_covered": 100.0, "percent_covered_display": "100", "missing_lines": 0, "excluded_lines": 0}, "missing_lines": [], "excluded_lines": []}, "ForgotPasswordResponse": {"executed_lines": [], "summary": {"covered_lines": 0, "num_statements": 0, "percent_covered": 100.0, "percent_covered_display": "100", "missing_lines": 0, "excluded_lines": 0}, "missing_lines": [], "excluded_lines": []}, "ResetPasswordRequest": {"executed_lines": [], "summary": {"covered_lines": 0, "num_statements": 0, "percent_covered": 100.0, "percent_covered_display": "100", "missing_lines": 0, "excluded_lines": 0}, "missing_lines": [], "excluded_lines": []}, "ResetPasswordResponse": {"executed_lines": [], "summary": {"covered_lines": 0, "num_statements": 0, "percent_covered": 100.0, "percent_covered_display": "100", "missing_lines": 0, "excluded_lines": 0}, "missing_lines": [], "excluded_lines": []}, "VerifyResetTokenResponse": {"executed_lines": [], "summary": {"covered_lines": 0, "num_statements": 0, "percent_covered": 100.0, "percent_covered_display": "100", "missing_lines": 0, "excluded_lines": 0}, "missing_lines": [], "excluded_lines": []}, "": {"executed_lines": [1, 2, 3, 4, 6, 7, 8, 10, 11, 12, 13, 14, 15, 16, 23, 24, 25, 28, 29, 30, 33, 34, 35, 36, 39, 40, 41, 44, 45, 46, 47], "summary": {"covered_lines": 25, "num_statements": 25, "percent_covered": 100.0, "percent_covered_display": "100", "missing_lines": 0, "excluded_lines": 0}, "missing_lines": [], "excluded_lines": []}}}, "app/models/user.py": {"executed_lines": [1, 3, 11, 13, 14, 15, 16, 18, 19, 20, 22, 23, 24, 26, 27, 28, 31, 32, 35, 36, 39, 40, 41, 44, 45, 46, 47, 48, 49, 50, 51, 54, 55, 56, 57, 60, 61, 62, 63, 64, 65, 66, 67, 70, 71, 73, 74, 75, 83, 85, 87, 89, 91, 93, 94, 95, 97, 98, 100, 102, 103, 104, 105, 107, 108, 109, 110, 111, 113, 114, 115, 116, 118, 119, 121, 122, 123, 125, 126, 127, 128, 129, 130, 132, 133, 134, 136, 137, 138, 140, 141, 142], "summary": {"covered_lines": 81, "num_statements": 86, "percent_covered": 94.18604651162791, "percent_covered_display": "94", "missing_lines": 5, "excluded_lines": 6}, "missing_lines": [84, 86, 88, 90, 99], "excluded_lines": [3, 4, 5, 6, 7, 8], "functions": {"UserCreate.validate_password": {"executed_lines": [83, 85, 87, 89, 91], "summary": {"covered_lines": 5, "num_statements": 9, "percent_covered": 55.55555555555556, "percent_covered_display": "56", "missing_lines": 4, "excluded_lines": 0}, "missing_lines": [84, 86, 88, 90], "excluded_lines": []}, "UserCreate.validate_email": {"executed_lines": [97, 98, 100], "summary": {"covered_lines": 3, "num_statements": 4, "percent_covered": 75.0, "percent_covered_display": "75", "missing_lines": 1, "excluded_lines": 0}, "missing_lines": [99], "excluded_lines": []}, "": {"executed_lines": [1, 3, 11, 13, 14, 15, 16, 18, 19, 20, 22, 23, 24, 26, 27, 28, 31, 32, 35, 36, 39, 40, 41, 44, 45, 46, 47, 48, 49, 50, 51, 54, 55, 56, 57, 60, 61, 62, 63, 64, 65, 66, 67, 70, 71, 73, 74, 75, 93, 94, 95, 102, 103, 104, 105, 107, 108, 109, 110, 111, 113, 114, 115, 116, 118, 119, 121, 122, 123, 125, 126, 127, 128, 129, 130, 132, 133, 134, 136, 137, 138, 140, 141, 142], "summary": {"covered_lines": 73, "num_statements": 73, "percent_covered": 100.0, "percent_covered_display": "100", "missing_lines": 0, "excluded_lines": 6}, "missing_lines": [], "excluded_lines": [3, 4, 5, 6, 7, 8]}}, "classes": {"UserBase": {"executed_lines": [], "summary": {"covered_lines": 0, "num_statements": 0, "percent_covered": 100.0, "percent_covered_display": "100", "missing_lines": 0, "excluded_lines": 0}, "missing_lines": [], "excluded_lines": []}, "User": {"executed_lines": [], "summary": {"covered_lines": 0, "num_statements": 0, "percent_covered": 100.0, "percent_covered_display": "100", "missing_lines": 0, "excluded_lines": 0}, "missing_lines": [], "excluded_lines": []}, "UserProfileUpdate": {"executed_lines": [], "summary": {"covered_lines": 0, "num_statements": 0, "percent_covered": 100.0, "percent_covered_display": "100", "missing_lines": 0, "excluded_lines": 0}, "missing_lines": [], "excluded_lines": []}, "UserProfileRead": {"executed_lines": [], "summary": {"covered_lines": 0, "num_statements": 0, "percent_covered": 100.0, "percent_covered_display": "100", "missing_lines": 0, "excluded_lines": 0}, "missing_lines": [], "excluded_lines": []}, "UserCreate": {"executed_lines": [83, 85, 87, 89, 91, 97, 98, 100], "summary": {"covered_lines": 8, "num_statements": 13, "percent_covered": 61.53846153846154, "percent_covered_display": "62", "missing_lines": 5, "excluded_lines": 0}, "missing_lines": [84, 86, 88, 90, 99], "excluded_lines": []}, "UserRead": {"executed_lines": [], "summary": {"covered_lines": 0, "num_statements": 0, "percent_covered": 100.0, "percent_covered_display": "100", "missing_lines": 0, "excluded_lines": 0}, "missing_lines": [], "excluded_lines": []}, "UserLogin": {"executed_lines": [], "summary": {"covered_lines": 0, "num_statements": 0, "percent_covered": 100.0, "percent_covered_display": "100", "missing_lines": 0, "excluded_lines": 0}, "missing_lines": [], "excluded_lines": []}, "Token": {"executed_lines": [], "summary": {"covered_lines": 0, "num_statements": 0, "percent_covered": 100.0, "percent_covered_display": "100", "missing_lines": 0, "excluded_lines": 0}, "missing_lines": [], "excluded_lines": []}, "TokenWithUser": {"executed_lines": [], "summary": {"covered_lines": 0, "num_statements": 0, "percent_covered": 100.0, "percent_covered_display": "100", "missing_lines": 0, "excluded_lines": 0}, "missing_lines": [], "excluded_lines": []}, "GoogleLoginRequest": {"executed_lines": [], "summary": {"covered_lines": 0, "num_statements": 0, "percent_covered": 100.0, "percent_covered_display": "100", "missing_lines": 0, "excluded_lines": 0}, "missing_lines": [], "excluded_lines": []}, "GoogleLoginResponse": {"executed_lines": [], "summary": {"covered_lines": 0, "num_statements": 0, "percent_covered": 100.0, "percent_covered_display": "100", "missing_lines": 0, "excluded_lines": 0}, "missing_lines": [], "excluded_lines": []}, "UserUpdateDisplayName": {"executed_lines": [], "summary": {"covered_lines": 0, "num_statements": 0, "percent_covered": 100.0, "percent_covered_display": "100", "missing_lines": 0, "excluded_lines": 0}, "missing_lines": [], "excluded_lines": []}, "UserLinkGoogle": {"executed_lines": [], "summary": {"covered_lines": 0, "num_statements": 0, "percent_covered": 100.0, "percent_covered_display": "100", "missing_lines": 0, "excluded_lines": 0}, "missing_lines": [], "excluded_lines": []}, "RegistrationResponse": {"executed_lines": [], "summary": {"covered_lines": 0, "num_statements": 0, "percent_covered": 100.0, "percent_covered_display": "100", "missing_lines": 0, "excluded_lines": 0}, "missing_lines": [], "excluded_lines": []}, "": {"executed_lines": [1, 3, 11, 13, 14, 15, 16, 18, 19, 20, 22, 23, 24, 26, 27, 28, 31, 32, 35, 36, 39, 40, 41, 44, 45, 46, 47, 48, 49, 50, 51, 54, 55, 56, 57, 60, 61, 62, 63, 64, 65, 66, 67, 70, 71, 73, 74, 75, 93, 94, 95, 102, 103, 104, 105, 107, 108, 109, 110, 111, 113, 114, 115, 116, 118, 119, 121, 122, 123, 125, 126, 127, 128, 129, 130, 132, 133, 134, 136, 137, 138, 140, 141, 142], "summary": {"covered_lines": 73, "num_statements": 73, "percent_covered": 100.0, "percent_covered_display": "100", "missing_lines": 0, "excluded_lines": 6}, "missing_lines": [], "excluded_lines": [3, 4, 5, 6, 7, 8]}}}, "app/schemas/__init__.py": {"executed_lines": [1, 2, 3], "summary": {"covered_lines": 3, "num_statements": 3, "percent_covered": 100.0, "percent_covered_display": "100", "missing_lines": 0, "excluded_lines": 0}, "missing_lines": [], "excluded_lines": [], "functions": {"": {"executed_lines": [1, 2, 3], "summary": {"covered_lines": 3, "num_statements": 3, "percent_covered": 100.0, "percent_covered_display": "100", "missing_lines": 0, "excluded_lines": 0}, "missing_lines": [], "excluded_lines": []}}, "classes": {"": {"executed_lines": [1, 2, 3], "summary": {"covered_lines": 3, "num_statements": 3, "percent_covered": 100.0, "percent_covered_display": "100", "missing_lines": 0, "excluded_lines": 0}, "missing_lines": [], "excluded_lines": []}}}, "app/schemas/book_club.py": {"executed_lines": [2, 6, 7, 8, 9, 11, 12, 13, 14, 15, 18, 19, 22, 23, 24, 25, 26, 27, 28, 29, 32, 33, 34, 35, 38, 39, 40, 41, 42, 43, 44, 45, 46, 49, 50, 51, 52, 55, 56, 57, 58, 59, 60], "summary": {"covered_lines": 38, "num_statements": 38, "percent_covered": 100.0, "percent_covered_display": "100", "missing_lines": 0, "excluded_lines": 0}, "missing_lines": [], "excluded_lines": [], "functions": {"": {"executed_lines": [2, 6, 7, 8, 9, 11, 12, 13, 14, 15, 18, 19, 22, 23, 24, 25, 26, 27, 28, 29, 32, 33, 34, 35, 38, 39, 40, 41, 42, 43, 44, 45, 46, 49, 50, 51, 52, 55, 56, 57, 58, 59, 60], "summary": {"covered_lines": 38, "num_statements": 38, "percent_covered": 100.0, "percent_covered_display": "100", "missing_lines": 0, "excluded_lines": 0}, "missing_lines": [], "excluded_lines": []}}, "classes": {"BookClubReadWithDetails": {"executed_lines": [], "summary": {"covered_lines": 0, "num_statements": 0, "percent_covered": 100.0, "percent_covered_display": "100", "missing_lines": 0, "excluded_lines": 0}, "missing_lines": [], "excluded_lines": []}, "BookClubListItem": {"executed_lines": [], "summary": {"covered_lines": 0, "num_statements": 0, "percent_covered": 100.0, "percent_covered_display": "100", "missing_lines": 0, "excluded_lines": 0}, "missing_lines": [], "excluded_lines": []}, "PaginatedBookClubList": {"executed_lines": [], "summary": {"covered_lines": 0, "num_statements": 0, "percent_covered": 100.0, "percent_covered_display": "100", "missing_lines": 0, "excluded_lines": 0}, "missing_lines": [], "excluded_lines": []}, "BookClubUpdate": {"executed_lines": [], "summary": {"covered_lines": 0, "num_statements": 0, "percent_covered": 100.0, "percent_covered_display": "100", "missing_lines": 0, "excluded_lines": 0}, "missing_lines": [], "excluded_lines": []}, "": {"executed_lines": [2, 6, 7, 8, 9, 11, 12, 13, 14, 15, 18, 19, 22, 23, 24, 25, 26, 27, 28, 29, 32, 33, 34, 35, 38, 39, 40, 41, 42, 43, 44, 45, 46, 49, 50, 51, 52, 55, 56, 57, 58, 59, 60], "summary": {"covered_lines": 38, "num_statements": 38, "percent_covered": 100.0, "percent_covered_display": "100", "missing_lines": 0, "excluded_lines": 0}, "missing_lines": [], "excluded
[...]
s": [324, 325, 326, 329, 330, 334, 340, 344, 345, 348, 352, 359, 367, 369], "summary": {"covered_lines": 14, "num_statements": 18, "percent_covered": 77.77777777777777, "percent_covered_display": "78", "missing_lines": 4, "excluded_lines": 0}, "missing_lines": [331, 341, 346, 349], "excluded_lines": []}, "join_event": {"executed_lines": [411, 412, 413, 416, 417, 421, 427, 428, 431, 432, 435, 439, 443, 444, 445, 448, 455, 456, 459, 460, 466, 467, 470, 475, 476, 479], "summary": {"covered_lines": 26, "num_statements": 30, "percent_covered": 86.66666666666667, "percent_covered_display": "87", "missing_lines": 4, "excluded_lines": 0}, "missing_lines": [418, 433, 436, 440], "excluded_lines": []}, "leave_event": {"executed_lines": [503, 504, 505, 508, 509, 513, 519, 523, 524, 527, 531, 532, 536, 543, 544, 547, 548, 551], "summary": {"covered_lines": 18, "num_statements": 23, "percent_covered": 78.26086956521739, "percent_covered_display": "78", "missing_lines": 5, "excluded_lines": 0}, "missing_lines": [510, 520, 525, 528, 533], "excluded_lines": []}, "update_event": {"executed_lines": [580, 586, 593, 594, 600, 607, 608, 610, 611, 617, 618, 623, 625, 626, 631, 633, 634, 635, 637, 638, 639, 641, 643, 649, 650, 654, 656, 660, 662, 663, 664, 667, 673], "summary": {"covered_lines": 33, "num_statements": 39, "percent_covered": 84.61538461538461, "percent_covered_display": "85", "missing_lines": 6, "excluded_lines": 0}, "missing_lines": [587, 595, 601, 619, 627, 657], "excluded_lines": []}, "delete_event": {"executed_lines": [710, 716, 723, 724, 730, 737, 738, 740, 741, 747, 748, 749, 750, 752, 753, 759, 762, 766, 767], "summary": {"covered_lines": 19, "num_statements": 23, "percent_covered": 82.6086956521739, "percent_covered_display": "83", "missing_lines": 4, "excluded_lines": 0}, "missing_lines": [717, 725, 731, 763], "excluded_lines": []}, "": {"executed_lines": [1, 2, 3, 4, 5, 6, 7, 9, 14, 15, 18, 34, 63, 149, 303, 390, 482, 554, 689], "summary": {"covered_lines": 19, "num_statements": 19, "percent_covered": 100.0, "percent_covered_display": "100", "missing_lines": 0, "excluded_lines": 0}, "missing_lines": [], "excluded_lines": []}}, "classes": {"": {"executed_lines": [1, 2, 3, 4, 5, 6, 7, 9, 14, 15, 18, 21, 24, 25, 27, 28, 34, 40, 49, 50, 56, 57, 63, 87, 93, 94, 99, 100, 106, 109, 112, 123, 124, 125, 128, 129, 130, 133, 149, 180, 186, 187, 193, 197, 208, 220, 221, 223, 226, 227, 228, 230, 232, 233, 236, 237, 238, 240, 248, 249, 252, 255, 256, 257, 258, 264, 265, 268, 269, 271, 272, 274, 292, 303, 324, 325, 326, 329, 330, 334, 340, 344, 345, 348, 352, 359, 367, 369, 390, 411, 412, 413, 416, 417, 421, 427, 428, 431, 432, 435, 439, 443, 444, 445, 448, 455, 456, 459, 460, 466, 467, 470, 475, 476, 479, 482, 503, 504, 505, 508, 509, 513, 519, 523, 524, 527, 531, 532, 536, 543, 544, 547, 548, 551, 554, 580, 586, 593, 594, 600, 607, 608, 610, 611, 617, 618, 623, 625, 626, 631, 633, 634, 635, 637, 638, 639, 641, 643, 649, 650, 654, 656, 660, 662, 663, 664, 667, 673, 689, 710, 716, 723, 724, 730, 737, 738, 740, 741, 747, 748, 749, 750, 752, 753, 759, 762, 766, 767], "summary": {"covered_lines": 188, "num_statements": 215, "percent_covered": 87.44186046511628, "percent_covered_display": "87", "missing_lines": 27, "excluded_lines": 0}, "missing_lines": [241, 242, 243, 245, 331, 341, 346, 349, 418, 433, 436, 440, 510, 520, 525, 528, 533, 587, 595, 601, 619, 627, 657, 717, 725, 731, 763], "excluded_lines": []}}}, "app/services/interest_tag_service.py": {"executed_lines": [2, 3, 5, 8, 9, 16, 17, 18, 19, 20, 22, 24, 27, 30, 31, 33, 34, 35, 36, 37, 39, 41, 44], "summary": {"covered_lines": 23, "num_statements": 23, "percent_covered": 100.0, "percent_covered_display": "100", "missing_lines": 0, "excluded_lines": 0}, "missing_lines": [], "excluded_lines": [], "functions": {"InterestTagService.get_all_tags": {"executed_lines": [16, 17, 18, 19, 20, 22], "summary": {"covered_lines": 6, "num_statements": 6, "percent_covered": 100.0, "percent_covered_display": "100", "missing_lines": 0, "excluded_lines": 0}, "missing_lines": [], "excluded_lines": []}, "InterestTagService.create_custom_tag": {"executed_lines": [27, 30, 31, 33, 34, 35, 36, 37], "summary": {"covered_lines": 8, "num_statements": 8, "percent_covered": 100.0, "percent_covered_display": "100", "missing_lines": 0, "excluded_lines": 0}, "missing_lines": [], "excluded_lines": []}, "InterestTagService.get_tag_by_id": {"executed_lines": [41], "summary": {"covered_lines": 1, "num_statements": 1, "percent_covered": 100.0, "percent_covered_display": "100", "missing_lines": 0, "excluded_lines": 0}, "missing_lines": [], "excluded_lines": []}, "": {"executed_lines": [2, 3, 5, 8, 9, 24, 39, 44], "summary": {"covered_lines": 8, "num_statements": 8, "percent_covered": 100.0, "percent_covered_display": "100", "missing_lines": 0, "excluded_lines": 0}, "missing_lines": [], "excluded_lines": []}}, "classes": {"InterestTagService": {"executed_lines": [16, 17, 18, 19, 20, 22, 27, 30, 31, 33, 34, 35, 36, 37, 41], "summary": {"covered_lines": 15, "num_statements": 15, "percent_covered": 100.0, "percent_covered_display": "100", "missing_lines": 0, "excluded_lines": 0}, "missing_lines": [], "excluded_lines": []}, "": {"executed_lines": [2, 3, 5, 8, 9, 24, 39, 44], "summary": {"covered_lines": 8, "num_statements": 8, "percent_covered": 100.0, "percent_covered_display": "100", "missing_lines": 0, "excluded_lines": 0}, "missing_lines": [], "excluded_lines": []}}}, "app/services/member_service.py": {"executed_lines": [2, 4, 5, 7, 8, 9, 10, 12, 13, 17], "summary": {"covered_lines": 10, "num_statements": 10, "percent_covered": 100.0, "percent_covered_display": "100", "missing_lines": 0, "excluded_lines": 0}, "missing_lines": [], "excluded_lines": [], "functions": {"MemberService.__init__": {"executed_lines": [9, 10], "summary": {"covered_lines": 2, "num_statements": 2, "percent_covered": 100.0, "percent_covered_display": "100", "missing_lines": 0, "excluded_lines": 0}, "missing_lines": [], "excluded_lines": []}, "MemberService.get_membership": {"executed_lines": [13, 17], "summary": {"covered_lines": 2, "num_statements": 2, "percent_covered": 100.0, "percent_covered_display": "100", "missing_lines": 0, "excluded_lines": 0}, "missing_lines": [], "excluded_lines": []}, "": {"executed_lines": [2, 4, 5, 7, 8, 12], "summary": {"covered_lines": 6, "num_statements": 6, "percent_covered": 100.0, "percent_covered_display": "100", "missing_lines": 0, "excluded_lines": 0}, "missing_lines": [], "excluded_lines": []}}, "classes": {"MemberService": {"executed_lines": [9, 10, 13, 17], "summary": {"covered_lines": 4, "num_statements": 4, "percent_covered": 100.0, "percent_covered_display": "100", "missing_lines": 0, "excluded_lines": 0}, "missing_lines": [], "excluded_lines": []}, "": {"executed_lines": [2, 4, 5, 7, 8, 12], "summary": {"covered_lines": 6, "num_statements": 6, "percent_covered": 100.0, "percent_covered_display": "100", "missing_lines": 0, "excluded_lines": 0}, "missing_lines": [], "excluded_lines": []}}}, "app/services/notification_service.py": {"executed_lines": [1, 2, 3, 4, 5, 6, 7, 10, 20, 21, 25, 26, 30, 39, 40, 51, 53, 56, 65, 71, 72, 73, 88], "summary": {"covered_lines": 23, "num_statements": 27, "percent_covered": 85.18518518518519, "percent_covered_display": "85", "missing_lines": 4, "excluded_lines": 0}, "missing_lines": [22, 27, 75, 86], "excluded_lines": [], "functions": {"notify_new_join_request": {"executed_lines": [20, 21, 25, 26, 30, 39, 40, 51, 53], "summary": {"covered_lines": 9, "num_statements": 11, "percent_covered": 81.81818181818181, "percent_covered_display": "82", "missing_lines": 2, "excluded_lines": 0}, "missing_lines": [22, 27], "excluded_lines": []}, "notify_event_created": {"executed_lines": [65, 71, 72, 73, 88], "summary": {"covered_lines": 5, "num_statements": 7, "percent_covered": 71.42857142857143, "percent_covered_display": "71", "missing_lines": 2, "excluded_lines": 0}, "missing_lines": [75, 86], "excluded_lines": []}, "": {"executed_lines": [1, 2, 3, 4, 5, 6, 7, 10, 56], "summary": {"covered_lines": 9, "num_statements": 9, "percent_covered": 100.0, "percent_covered_display": "100", "missing_lines": 0, "excluded_lines": 0}, "missing_lines": [], "excluded_lines": []}}, "classes": {"": {"executed_lines": [1, 2, 3, 4, 5, 6, 7, 10, 20, 21, 25, 26, 30, 39, 40, 51, 53, 56, 65, 71, 72, 73, 88], "summary": {"covered_lines": 23, "num_statements": 27, "percent_covered": 85.18518518518519, "percent_covered_display": "85", "missing_lines": 4, "excluded_lines": 0}, "missing_lines": [22, 27, 75, 86], "excluded_lines": []}}}, "app/services/password_reset_service.py": {"executed_lines": [1, 2, 3, 4, 5, 7, 8, 9, 12, 13, 15, 16, 18, 19, 21, 23, 24, 44, 45, 51, 52, 58, 59, 61, 68, 69, 70, 72, 74, 75, 86, 90, 91, 94, 95, 98, 99, 100, 103, 107, 109, 111, 112, 132, 133, 134, 139, 142, 143, 150, 151, 157, 158, 164, 165, 168, 170, 171, 172, 173, 175, 177, 178, 188, 189, 193, 194, 195, 197, 198], "summary": {"covered_lines": 69, "num_statements": 70, "percent_covered": 98.57142857142857, "percent_covered_display": "99", "missing_lines": 1, "excluded_lines": 0}, "missing_lines": [144], "excluded_lines": [], "functions": {"PasswordResetService.generate_reset_token": {"executed_lines": [21], "summary": {"covered_lines": 1, "num_statements": 1, "percent_covered": 100.0, "percent_covered_display": "100", "missing_lines": 0, "excluded_lines": 0}, "missing_lines": [], "excluded_lines": []}, "PasswordResetService.create_reset_token": {"executed_lines": [44, 45, 51, 52, 58, 59, 61, 68, 69, 70, 72], "summary": {"covered_lines": 11, "num_statements": 11, "percent_covered": 100.0, "percent_covered_display": "100", "missing_lines": 0, "excluded_lines": 0}, "missing_lines": [], "excluded_lines": []}, "PasswordResetService.verify_reset_token": {"executed_lines": [86, 90, 91, 94, 95, 98, 99, 100, 103, 107, 109], "summary": {"covered_lines": 11, "num_statements": 11, "percent_covered": 100.0, "percent_covered_display": "100", "missing_lines": 0, "excluded_lines": 0}, "missing_lines": [], "excluded_lines": []}, "PasswordResetService.reset_password": {"executed_lines": [132, 133, 134, 139, 142, 143, 150, 151, 157, 158, 164, 165, 168, 170, 171, 172, 173, 175], "summary": {"covered_lines": 18, "num_statements": 19, "percent_covered": 94.73684210526316, "percent_covered_display": "95", "missing_lines": 1, "excluded_lines": 0}, "missing_lines": [144], "excluded_lines": []}, "PasswordResetService.cleanup_expired_tokens": {"executed_lines": [188, 189, 193, 194, 195, 197, 198], "summary": {"covered_lines": 7, "num_statements": 7, "percent_covered": 100.0, "percent_covered_display": "100", "missing_lines": 0, "excluded_lines": 0}, "missing_lines": [], "excluded_lines": []}, "": {"executed_lines": [1, 2, 3, 4, 5, 7, 8, 9, 12, 13, 15, 16, 18, 19, 23, 24, 74, 75, 111, 112, 177, 178], "summary": {"covered_lines": 21, "num_statements": 21, "percent_covered": 100.0, "percent_covered_display": "100", "missing_lines": 0, "excluded_lines": 0}, "missing_lines": [], "excluded_lines": []}}, "classes": {"PasswordResetService": {"executed_lines": [21, 44, 45, 51, 52, 58, 59, 61, 68, 69, 70, 72, 86, 90, 91, 94, 95, 98, 99, 100, 103, 107, 109, 132, 133, 134, 139, 142, 143, 150, 151, 157, 158, 164, 165, 168, 170, 171, 172, 173, 175, 188, 189, 193, 194, 195, 197, 198], "summary": {"covered_lines": 48, "num_statements": 49, "percent_covered": 97.95918367346938, "percent_covered_display": "98", "missing_lines": 1, "excluded_lines": 0}, "missing_lines": [144], "excluded_lines": []}, "": {"executed_lines": [1, 2, 3, 4, 5, 7, 8, 9, 12, 13, 15, 16, 18, 19, 23, 24, 74, 75, 111, 112, 177, 178], "summary": {"covered_lines": 21, "num_statements": 21, "percent_covered": 100.0, "percent_covered_display": "100", "missing_lines": 0, "excluded_lines": 0}, "missing_lines": [], "excluded_lines": []}}}, "app/services/user_event_service.py": {"executed_lines": [1, 2, 3, 5, 6, 7, 8, 9, 12, 38, 43, 57, 58, 60, 64, 67, 71, 72, 73, 76, 79, 80, 82, 85, 86, 87, 88, 93, 94, 97, 98, 99, 100, 103, 104, 105, 106, 108, 126, 127, 136], "summary": {"covered_lines": 41, "num_statements": 43, "percent_covered": 95.34883720930233, "percent_covered_display": "95", "missing_lines": 2, "excluded_lines": 0}, "missing_lines": [61, 74], "excluded_lines": [], "functions": {"get_user_club_events": {"executed_lines": [38, 43, 57, 58, 60, 64, 67, 71, 72, 73, 76, 79, 80, 82, 85, 86, 87, 88, 93, 94, 97, 98, 99, 100, 103, 104, 105, 106, 108, 126, 127, 136], "summary": {"covered_lines": 32, "num_statements": 34, "percent_covered": 94.11764705882354, "percent_covered_display": "94", "missing_lines": 2, "excluded_lines": 0}, "missing_lines": [61, 74], "excluded_lines": []}, "": {"executed_lines": [1, 2, 3, 5, 6, 7, 8, 9, 12], "summary": {"covered_lines": 9, "num_statements": 9, "percent_covered": 100.0, "percent_covered_display": "100", "missing_lines": 0, "excluded_lines": 0}, "missing_lines": [], "excluded_lines": []}}, "classes": {"": {"executed_lines": [1, 2, 3, 5, 6, 7, 8, 9, 12, 38, 43, 57, 58, 60, 64, 67, 71, 72, 73, 76, 79, 80, 82, 85, 86, 87, 88, 93, 94, 97, 98, 99, 100, 103, 104, 105, 106, 108, 126, 127, 136], "summary": {"covered_lines": 41, "num_statements": 43, "percent_covered": 95.34883720930233, "percent_covered_display": "95", "missing_lines": 2, "excluded_lines": 0}, "missing_lines": [61, 74], "excluded_lines": []}}}, "app/services/user_service.py": {"executed_lines": [2, 3, 4, 5, 6, 7, 9, 10, 11, 12, 15, 16, 18, 19, 20, 21, 23, 24, 25, 30, 31, 32, 33, 35, 36, 37, 38, 40, 41, 42, 43, 45, 46, 47, 51, 55, 61, 65, 67, 68, 70, 71, 72, 75, 76, 79, 80, 81, 82, 83, 84, 86, 87, 88, 91, 92, 93, 94, 95, 96, 98, 99, 100, 102, 103, 104, 105, 106, 107, 108, 109, 110, 112, 115, 116, 120, 121, 122, 123, 124, 128, 129, 130, 131, 132, 133, 134, 135, 143, 144, 147, 153, 154, 163, 164, 165, 166, 167, 169, 186, 187, 188, 190, 191, 192, 193, 194, 195, 196, 197, 198, 200, 201, 202, 204, 206, 207, 208, 209, 210, 212], "summary": {"covered_lines": 120, "num_statements": 157, "percent_covered": 76.43312101910828, "percent_covered_display": "76", "missing_lines": 37, "excluded_lines": 0}, "missing_lines": [48, 52, 56, 57, 58, 59, 62, 69, 89, 117, 125, 136, 137, 138, 139, 140, 148, 149, 150, 159, 160, 171, 172, 175, 176, 177, 180, 181, 182, 183, 184, 189, 203, 205, 213, 214, 215], "excluded_lines": [], "functions": {"UserService.__init__": {"executed_lines": [21], "summary": {"covered_lines": 1, "num_statements": 1, "percent_covered": 100.0, "percent_covered_display": "100", "missing_lines": 0, "excluded_lines": 0}, "missing_lines": [], "excluded_lines": []}, "UserService.create": {"executed_lines": [24, 25, 30, 31, 32, 33], "summary": {"covered_lines": 6, "num_statements": 6, "percent_covered": 100.0, "percent_covered_display": "100", "missing_lines": 0, "excluded_lines": 0}, "missing_lines": [], "excluded_lines": []}, "UserService.get_by_email": {"executed_lines": [36, 37, 38], "summary": {"covered_lines": 3, "num_statements": 3, "percent_covered": 100.0, "percent_covered_display": "100", "missing_lines": 0, "excluded_lines": 0}, "missing_lines": [], "excluded_lines": []}, "UserService.get_by_verification_token": {"executed_lines": [41, 42, 43], "summary": {"covered_lines": 3, "num_statements": 3, "percent_covered": 100.0, "percent_covered_display": "100", "missing_lines": 0, "excluded_lines": 0}, "missing_lines": [], "excluded_lines": []}, "UserService.authenticate": {"executed_lines": [46, 47, 51, 55, 61, 65, 67, 68, 70, 71, 72, 75, 76, 79, 80, 81, 82, 83, 84], "summary": {"covered_lines": 19, "num_statements": 27, "percent_covered": 70.37037037037037, "percent_covered_display": "70", "missing_lines": 8, "excluded_lines": 0}, "missing_lines": [48, 52, 56, 57, 58, 59, 62, 69], "excluded_lines": []}, "UserService.verify_email": {"executed_lines": [87, 88, 91, 92, 93, 94, 95, 96], "summary": {"covered_lines": 8, "num_statements": 9, "percent_covered": 88.88888888888889, "percent_covered_display": "89", "missing_lines": 1, "excluded_lines": 0}, "missing_lines": [89], "excluded_lines": []}, "UserService.get_user_profile": {"executed_lines": [99, 100], "summary": {"covered_lines": 2, "num_statements": 2, "percent_covered": 100.0, "percent_covered_display": "100", "missing_lines": 0, "excluded_lines": 0}, "missing_lines": [], "excluded_lines": []}, "UserService.update_profile": {"executed_lines": [103, 104, 105, 106, 107, 108, 109, 110], "summary": {"covered_lines": 8, "num_statements": 8, "percent_covered": 100.0, "percent_covered_display": "100", "missing_lines": 0, "excluded_lines": 0}, "missing_lines": [], "excluded_lines": []}, "UserService.upload_avatar": {"executed_lines": [115, 116, 120, 121, 122, 123, 124, 128, 129, 130, 131, 132, 133, 134, 135, 143, 144, 147, 153, 154, 163, 164, 165, 166, 167], "summary": {"covered_lines": 25, "num_statements": 37, "percent_covered": 67.56756756756756, "percent_covered_display": "68", "missing_lines": 12, "excluded_lines": 0}, "missing_lines": [117, 125, 136, 137, 138, 139, 140, 148, 149, 150, 159, 160], "excluded_lines": []}, "UserService.remove_avatar": {"executed_lines": [], "summary": {"covered_lines": 0, "num_statements": 10, "percent_covered": 0.0, "percent_covered_display": "0", "missing_lines": 10, "excluded_lines": 0}, "missing_lines": [171, 172, 175, 176, 177, 180, 181, 182, 183, 184], "excluded_lines": []}, "UserService.add_interest_tag": {"executed_lines": [187, 188, 190, 191, 192, 193, 194, 195, 196, 197, 198], "summary": {"covered_lines": 11, "num_statements": 12, "percent_covered": 91.66666666666667, "percent_covered_display": "92", "missing_lines": 1, "excluded_lines": 0}, "missing_lines": [189], "excluded_lines": []}, "UserService.remove_interest_tag": {"executed_lines": [201, 202, 204, 206, 207, 208, 209, 210], "summary": {"covered_lines": 8, "num_statements": 10, "percent_covered": 80.0, "percent_covered_display": "80", "missing_lines": 2, "excluded_lines": 0}, "missing_lines": [203, 205], "excluded_lines": []}, "UserService.deactivate_account": {"executed_lines": [], "summary": {"covered_lines": 0, "num_statements": 3, "percent_covered": 0.0, "percent_covered_display": "0", "missing_lines": 3, "excluded_lines": 0}, "missing_lines": [213, 214, 215], "excluded_lines": []}, "": {"executed_lines": [2, 3, 4, 5, 6, 7, 9, 10, 11, 12, 15, 16, 18, 19, 20, 23, 35, 40, 45, 86, 98, 102, 112, 169, 186, 200, 212], "summary": {"covered_lines": 26, "num_statements": 26, "percent_covered": 100.0, "percent_covered_display": "100", "missing_lines": 0, "excluded_lines": 0}, "missing_lines": [], "excluded_lines": []}}, "classes": {"UserService": {"executed_lines": [21, 24, 25, 30, 31, 32, 33, 36, 37, 38, 41, 42, 43, 46, 47, 51, 55, 61, 65, 67, 68, 70, 71, 72, 75, 76, 79, 80, 81, 82, 83, 84, 87, 88, 91, 92, 93, 94, 95, 96, 99, 100, 103, 104, 105, 106, 107, 108, 109, 110, 115, 116, 120, 121, 122, 123, 124, 128, 129, 130, 131, 132, 133, 134, 135, 143, 144, 147, 153, 154, 163, 164, 165, 166, 167, 187, 188, 190, 191, 192, 193, 194, 195, 196, 197, 198, 201, 202, 204, 206, 207, 208, 209, 210], "summary": {"covered_lines": 94, "num_statements": 131, "percent_covered": 71.7557251908397, "percent_covered_display": "72", "missing_lines": 37, "excluded_lines": 0}, "missing_lines": [48, 52, 56, 57, 58, 59, 62, 69, 89, 117, 125, 136, 137, 138, 139, 140, 148, 149, 150, 159, 160, 171, 172, 175, 176, 177, 180, 181, 182, 183, 184, 189, 203, 205, 213, 214, 215], "excluded_lines": []}, "": {"executed_lines": [2, 3, 4, 5, 6, 7, 9, 10, 11, 12, 15, 16, 18, 19, 20, 23, 35, 40, 45, 86, 98, 102, 112, 169, 186, 200, 212], "summary": {"covered_lines": 26, "num_statements": 26, "percent_covered": 100.0, "percent_covered_display": "100", "missing_lines": 0, "excluded_lines": 0}, "missing_lines": [], "excluded_lines": []}}}}, "totals": {"covered_lines": 1991, "num_statements": 2358, "percent_covered": 84.4359626802375, "percent_covered_display": "84", "missing_lines": 367, "excluded_lines": 19}}